[2024-11-20T04:01:45.786+0000] {taskinstance.py:1979} INFO - Dependencies all met for dep_context=non-requeueable deps ti=<TaskInstance: customer_metrics.load_customer_transactions_raw manual__2024-11-20T04:01:34.709926+00:00 [queued]>
[2024-11-20T04:01:45.794+0000] {taskinstance.py:1979} INFO - Dependencies all met for dep_context=requeueable deps ti=<TaskInstance: customer_metrics.load_customer_transactions_raw manual__2024-11-20T04:01:34.709926+00:00 [queued]>
[2024-11-20T04:01:45.795+0000] {taskinstance.py:2193} INFO - Starting attempt 1 of 1
[2024-11-20T04:01:45.812+0000] {taskinstance.py:2214} INFO - Executing <Task(AirbyteTriggerSyncOperator): load_customer_transactions_raw> on 2024-11-20 04:01:34.709926+00:00
[2024-11-20T04:01:45.825+0000] {standard_task_runner.py:60} INFO - Started process 13985 to run task
[2024-11-20T04:01:45.828+0000] {standard_task_runner.py:87} INFO - Running: ['airflow', 'tasks', 'run', 'customer_metrics', 'load_customer_transactions_raw', 'manual__2024-11-20T04:01:34.709926+00:00', '--job-id', '129', '--raw', '--subdir', 'DAGS_FOLDER/customer_metrics.py', '--cfg-path', '/tmp/tmpiuvxzlpu']
[2024-11-20T04:01:45.830+0000] {standard_task_runner.py:88} INFO - Job 129: Subtask load_customer_transactions_raw
[2024-11-20T04:01:45.884+0000] {task_command.py:423} INFO - Running <TaskInstance: customer_metrics.load_customer_transactions_raw manual__2024-11-20T04:01:34.709926+00:00 [running]> on host 4cf1ca1acf00
[2024-11-20T04:01:45.987+0000] {taskinstance.py:2510} INFO - Exporting env vars: AIRFLOW_CTX_DAG_OWNER='airflow' AIRFLOW_CTX_DAG_ID='customer_metrics' AIRFLOW_CTX_TASK_ID='load_customer_transactions_raw' AIRFLOW_CTX_EXECUTION_DATE='2024-11-20T04:01:34.709926+00:00' AIRFLOW_CTX_TRY_NUMBER='1' AIRFLOW_CTX_DAG_RUN_ID='manual__2024-11-20T04:01:34.709926+00:00'
[2024-11-20T04:01:46.000+0000] {base.py:83} INFO - Using connection ID 'airbyte' for task execution.
[2024-11-20T04:01:46.482+0000] {airbyte.py:86} INFO - Job 49 was submitted to Airbyte Server
[2024-11-20T04:01:46.484+0000] {airbyte.py:88} INFO - Waiting for job 49 to complete
[2024-11-20T04:01:49.504+0000] {base.py:83} INFO - Using connection ID 'airbyte' for task execution.
[2024-11-20T04:01:52.551+0000] {base.py:83} INFO - Using connection ID 'airbyte' for task execution.
[2024-11-20T04:01:55.572+0000] {base.py:83} INFO - Using connection ID 'airbyte' for task execution.
[2024-11-20T04:01:58.600+0000] {base.py:83} INFO - Using connection ID 'airbyte' for task execution.
[2024-11-20T04:01:58.612+0000] {airbyte.py:112} INFO - Job 49 completed successfully
[2024-11-20T04:01:58.632+0000] {taskinstance.py:1149} INFO - Marking task as SUCCESS. dag_id=customer_metrics, task_id=load_customer_transactions_raw, execution_date=20241120T040134, start_date=20241120T040145, end_date=20241120T040158
[2024-11-20T04:01:58.661+0000] {local_task_job_runner.py:234} INFO - Task exited with return code 0
[2024-11-20T04:01:58.686+0000] {taskinstance.py:3309} INFO - 1 downstream tasks scheduled from follow-on schedule check
