[2024-11-20T04:02:07.320+0000] {taskinstance.py:1979} INFO - Dependencies all met for dep_context=non-requeueable deps ti=<TaskInstance: customer_metrics.write_to_staging manual__2024-11-20T04:01:34.709926+00:00 [queued]>
[2024-11-20T04:02:07.328+0000] {taskinstance.py:1979} INFO - Dependencies all met for dep_context=requeueable deps ti=<TaskInstance: customer_metrics.write_to_staging manual__2024-11-20T04:01:34.709926+00:00 [queued]>
[2024-11-20T04:02:07.329+0000] {taskinstance.py:2193} INFO - Starting attempt 1 of 1
[2024-11-20T04:02:07.341+0000] {taskinstance.py:2214} INFO - Executing <Task(AirbyteTriggerSyncOperator): write_to_staging> on 2024-11-20 04:01:34.709926+00:00
[2024-11-20T04:02:07.346+0000] {standard_task_runner.py:60} INFO - Started process 14050 to run task
[2024-11-20T04:02:07.348+0000] {standard_task_runner.py:87} INFO - Running: ['airflow', 'tasks', 'run', 'customer_metrics', 'write_to_staging', 'manual__2024-11-20T04:01:34.709926+00:00', '--job-id', '130', '--raw', '--subdir', 'DAGS_FOLDER/customer_metrics.py', '--cfg-path', '/tmp/tmpbyo8n3h8']
[2024-11-20T04:02:07.349+0000] {standard_task_runner.py:88} INFO - Job 130: Subtask write_to_staging
[2024-11-20T04:02:07.391+0000] {task_command.py:423} INFO - Running <TaskInstance: customer_metrics.write_to_staging manual__2024-11-20T04:01:34.709926+00:00 [running]> on host 4cf1ca1acf00
[2024-11-20T04:02:07.461+0000] {taskinstance.py:2510} INFO - Exporting env vars: AIRFLOW_CTX_DAG_OWNER='airflow' AIRFLOW_CTX_DAG_ID='customer_metrics' AIRFLOW_CTX_TASK_ID='write_to_staging' AIRFLOW_CTX_EXECUTION_DATE='2024-11-20T04:01:34.709926+00:00' AIRFLOW_CTX_TRY_NUMBER='1' AIRFLOW_CTX_DAG_RUN_ID='manual__2024-11-20T04:01:34.709926+00:00'
[2024-11-20T04:02:07.469+0000] {base.py:83} INFO - Using connection ID 'airbyte' for task execution.
[2024-11-20T04:02:07.750+0000] {airbyte.py:86} INFO - Job 50 was submitted to Airbyte Server
[2024-11-20T04:02:07.750+0000] {airbyte.py:88} INFO - Waiting for job 50 to complete
[2024-11-20T04:02:10.762+0000] {base.py:83} INFO - Using connection ID 'airbyte' for task execution.
[2024-11-20T04:02:13.783+0000] {base.py:83} INFO - Using connection ID 'airbyte' for task execution.
[2024-11-20T04:02:16.816+0000] {base.py:83} INFO - Using connection ID 'airbyte' for task execution.
[2024-11-20T04:02:19.843+0000] {base.py:83} INFO - Using connection ID 'airbyte' for task execution.
[2024-11-20T04:02:22.865+0000] {base.py:83} INFO - Using connection ID 'airbyte' for task execution.
[2024-11-20T04:02:25.882+0000] {base.py:83} INFO - Using connection ID 'airbyte' for task execution.
[2024-11-20T04:02:28.900+0000] {base.py:83} INFO - Using connection ID 'airbyte' for task execution.
[2024-11-20T04:02:31.916+0000] {base.py:83} INFO - Using connection ID 'airbyte' for task execution.
[2024-11-20T04:02:34.931+0000] {base.py:83} INFO - Using connection ID 'airbyte' for task execution.
[2024-11-20T04:02:37.946+0000] {base.py:83} INFO - Using connection ID 'airbyte' for task execution.
[2024-11-20T04:02:40.975+0000] {base.py:83} INFO - Using connection ID 'airbyte' for task execution.
[2024-11-20T04:02:43.998+0000] {base.py:83} INFO - Using connection ID 'airbyte' for task execution.
[2024-11-20T04:02:47.024+0000] {base.py:83} INFO - Using connection ID 'airbyte' for task execution.
[2024-11-20T04:02:47.042+0000] {airbyte.py:112} INFO - Job 50 completed successfully
[2024-11-20T04:02:47.063+0000] {taskinstance.py:1149} INFO - Marking task as SUCCESS. dag_id=customer_metrics, task_id=write_to_staging, execution_date=20241120T040134, start_date=20241120T040207, end_date=20241120T040247
[2024-11-20T04:02:47.090+0000] {local_task_job_runner.py:234} INFO - Task exited with return code 0
[2024-11-20T04:02:47.115+0000] {taskinstance.py:3309} INFO - 1 downstream tasks scheduled from follow-on schedule check
