[2024-11-20T03:47:40.770+0000] {taskinstance.py:1979} INFO - Dependencies all met for dep_context=non-requeueable deps ti=<TaskInstance: customer_metrics.write_to_staging manual__2024-11-20T03:47:11.945088+00:00 [queued]>
[2024-11-20T03:47:40.779+0000] {taskinstance.py:1979} INFO - Dependencies all met for dep_context=requeueable deps ti=<TaskInstance: customer_metrics.write_to_staging manual__2024-11-20T03:47:11.945088+00:00 [queued]>
[2024-11-20T03:47:40.780+0000] {taskinstance.py:2193} INFO - Starting attempt 1 of 1
[2024-11-20T03:47:40.793+0000] {taskinstance.py:2214} INFO - Executing <Task(AirbyteTriggerSyncOperator): write_to_staging> on 2024-11-20 03:47:11.945088+00:00
[2024-11-20T03:47:40.805+0000] {standard_task_runner.py:60} INFO - Started process 12531 to run task
[2024-11-20T03:47:40.808+0000] {standard_task_runner.py:87} INFO - Running: ['airflow', 'tasks', 'run', 'customer_metrics', 'write_to_staging', 'manual__2024-11-20T03:47:11.945088+00:00', '--job-id', '120', '--raw', '--subdir', 'DAGS_FOLDER/customer_metrics.py', '--cfg-path', '/tmp/tmp6v1xiw1p']
[2024-11-20T03:47:40.810+0000] {standard_task_runner.py:88} INFO - Job 120: Subtask write_to_staging
[2024-11-20T03:47:40.854+0000] {task_command.py:423} INFO - Running <TaskInstance: customer_metrics.write_to_staging manual__2024-11-20T03:47:11.945088+00:00 [running]> on host 4cf1ca1acf00
[2024-11-20T03:47:40.923+0000] {taskinstance.py:2510} INFO - Exporting env vars: AIRFLOW_CTX_DAG_OWNER='airflow' AIRFLOW_CTX_DAG_ID='customer_metrics' AIRFLOW_CTX_TASK_ID='write_to_staging' AIRFLOW_CTX_EXECUTION_DATE='2024-11-20T03:47:11.945088+00:00' AIRFLOW_CTX_TRY_NUMBER='1' AIRFLOW_CTX_DAG_RUN_ID='manual__2024-11-20T03:47:11.945088+00:00'
[2024-11-20T03:47:40.932+0000] {base.py:83} INFO - Using connection ID 'airbyte' for task execution.
[2024-11-20T03:47:41.237+0000] {airbyte.py:86} INFO - Job 47 was submitted to Airbyte Server
[2024-11-20T03:47:41.238+0000] {airbyte.py:88} INFO - Waiting for job 47 to complete
[2024-11-20T03:47:44.247+0000] {base.py:83} INFO - Using connection ID 'airbyte' for task execution.
[2024-11-20T03:47:47.265+0000] {base.py:83} INFO - Using connection ID 'airbyte' for task execution.
[2024-11-20T03:47:50.294+0000] {base.py:83} INFO - Using connection ID 'airbyte' for task execution.
[2024-11-20T03:47:53.310+0000] {base.py:83} INFO - Using connection ID 'airbyte' for task execution.
[2024-11-20T03:47:56.335+0000] {base.py:83} INFO - Using connection ID 'airbyte' for task execution.
[2024-11-20T03:47:59.370+0000] {base.py:83} INFO - Using connection ID 'airbyte' for task execution.
[2024-11-20T03:48:02.389+0000] {base.py:83} INFO - Using connection ID 'airbyte' for task execution.
[2024-11-20T03:48:05.406+0000] {base.py:83} INFO - Using connection ID 'airbyte' for task execution.
[2024-11-20T03:48:08.423+0000] {base.py:83} INFO - Using connection ID 'airbyte' for task execution.
[2024-11-20T03:48:11.442+0000] {base.py:83} INFO - Using connection ID 'airbyte' for task execution.
[2024-11-20T03:48:14.461+0000] {base.py:83} INFO - Using connection ID 'airbyte' for task execution.
[2024-11-20T03:48:14.482+0000] {airbyte.py:112} INFO - Job 47 completed successfully
[2024-11-20T03:48:14.503+0000] {taskinstance.py:1149} INFO - Marking task as SUCCESS. dag_id=customer_metrics, task_id=write_to_staging, execution_date=20241120T034711, start_date=20241120T034740, end_date=20241120T034814
[2024-11-20T03:48:14.555+0000] {local_task_job_runner.py:234} INFO - Task exited with return code 0
[2024-11-20T03:48:14.580+0000] {taskinstance.py:3309} INFO - 1 downstream tasks scheduled from follow-on schedule check
