[2024-11-20T03:09:11.616+0000] {taskinstance.py:1979} INFO - Dependencies all met for dep_context=non-requeueable deps ti=<TaskInstance: customer_metrics.write_to_staging manual__2024-11-20T03:08:35.870567+00:00 [queued]>
[2024-11-20T03:09:11.623+0000] {taskinstance.py:1979} INFO - Dependencies all met for dep_context=requeueable deps ti=<TaskInstance: customer_metrics.write_to_staging manual__2024-11-20T03:08:35.870567+00:00 [queued]>
[2024-11-20T03:09:11.623+0000] {taskinstance.py:2193} INFO - Starting attempt 1 of 1
[2024-11-20T03:09:11.635+0000] {taskinstance.py:2214} INFO - Executing <Task(AirbyteTriggerSyncOperator): write_to_staging> on 2024-11-20 03:08:35.870567+00:00
[2024-11-20T03:09:11.648+0000] {standard_task_runner.py:60} INFO - Started process 8859 to run task
[2024-11-20T03:09:11.650+0000] {standard_task_runner.py:87} INFO - Running: ['airflow', 'tasks', 'run', 'customer_metrics', 'write_to_staging', 'manual__2024-11-20T03:08:35.870567+00:00', '--job-id', '99', '--raw', '--subdir', 'DAGS_FOLDER/customer_metrics.py', '--cfg-path', '/tmp/tmplyopg50e']
[2024-11-20T03:09:11.651+0000] {standard_task_runner.py:88} INFO - Job 99: Subtask write_to_staging
[2024-11-20T03:09:11.693+0000] {task_command.py:423} INFO - Running <TaskInstance: customer_metrics.write_to_staging manual__2024-11-20T03:08:35.870567+00:00 [running]> on host 4cf1ca1acf00
[2024-11-20T03:09:11.765+0000] {taskinstance.py:2510} INFO - Exporting env vars: AIRFLOW_CTX_DAG_OWNER='airflow' AIRFLOW_CTX_DAG_ID='customer_metrics' AIRFLOW_CTX_TASK_ID='write_to_staging' AIRFLOW_CTX_EXECUTION_DATE='2024-11-20T03:08:35.870567+00:00' AIRFLOW_CTX_TRY_NUMBER='1' AIRFLOW_CTX_DAG_RUN_ID='manual__2024-11-20T03:08:35.870567+00:00'
[2024-11-20T03:09:11.773+0000] {base.py:83} INFO - Using connection ID 'airbyte' for task execution.
[2024-11-20T03:09:12.065+0000] {airbyte.py:86} INFO - Job 38 was submitted to Airbyte Server
[2024-11-20T03:09:12.066+0000] {airbyte.py:88} INFO - Waiting for job 38 to complete
[2024-11-20T03:09:15.076+0000] {base.py:83} INFO - Using connection ID 'airbyte' for task execution.
[2024-11-20T03:09:18.094+0000] {base.py:83} INFO - Using connection ID 'airbyte' for task execution.
[2024-11-20T03:09:21.131+0000] {base.py:83} INFO - Using connection ID 'airbyte' for task execution.
[2024-11-20T03:09:24.149+0000] {base.py:83} INFO - Using connection ID 'airbyte' for task execution.
[2024-11-20T03:09:27.168+0000] {base.py:83} INFO - Using connection ID 'airbyte' for task execution.
[2024-11-20T03:09:30.184+0000] {base.py:83} INFO - Using connection ID 'airbyte' for task execution.
[2024-11-20T03:09:33.203+0000] {base.py:83} INFO - Using connection ID 'airbyte' for task execution.
[2024-11-20T03:09:36.220+0000] {base.py:83} INFO - Using connection ID 'airbyte' for task execution.
[2024-11-20T03:09:39.236+0000] {base.py:83} INFO - Using connection ID 'airbyte' for task execution.
[2024-11-20T03:09:42.259+0000] {base.py:83} INFO - Using connection ID 'airbyte' for task execution.
[2024-11-20T03:09:45.300+0000] {base.py:83} INFO - Using connection ID 'airbyte' for task execution.
[2024-11-20T03:09:45.316+0000] {airbyte.py:112} INFO - Job 38 completed successfully
[2024-11-20T03:09:45.341+0000] {taskinstance.py:1149} INFO - Marking task as SUCCESS. dag_id=customer_metrics, task_id=write_to_staging, execution_date=20241120T030835, start_date=20241120T030911, end_date=20241120T030945
[2024-11-20T03:09:45.383+0000] {local_task_job_runner.py:234} INFO - Task exited with return code 0
[2024-11-20T03:09:45.409+0000] {taskinstance.py:3309} INFO - 1 downstream tasks scheduled from follow-on schedule check
