[2024-11-20T03:23:17.856+0000] {taskinstance.py:1979} INFO - Dependencies all met for dep_context=non-requeueable deps ti=<TaskInstance: customer_metrics.load_labeled_transactions_raw manual__2024-11-20T03:23:08.473931+00:00 [queued]>
[2024-11-20T03:23:17.865+0000] {taskinstance.py:1979} INFO - Dependencies all met for dep_context=requeueable deps ti=<TaskInstance: customer_metrics.load_labeled_transactions_raw manual__2024-11-20T03:23:08.473931+00:00 [queued]>
[2024-11-20T03:23:17.865+0000] {taskinstance.py:2193} INFO - Starting attempt 1 of 1
[2024-11-20T03:23:17.877+0000] {taskinstance.py:2214} INFO - Executing <Task(AirbyteTriggerSyncOperator): load_labeled_transactions_raw> on 2024-11-20 03:23:08.473931+00:00
[2024-11-20T03:23:17.881+0000] {standard_task_runner.py:60} INFO - Started process 10235 to run task
[2024-11-20T03:23:17.884+0000] {standard_task_runner.py:87} INFO - Running: ['airflow', 'tasks', 'run', 'customer_metrics', 'load_labeled_transactions_raw', 'manual__2024-11-20T03:23:08.473931+00:00', '--job-id', '109', '--raw', '--subdir', 'DAGS_FOLDER/customer_metrics.py', '--cfg-path', '/tmp/tmph4wa9kwr']
[2024-11-20T03:23:17.885+0000] {standard_task_runner.py:88} INFO - Job 109: Subtask load_labeled_transactions_raw
[2024-11-20T03:23:17.929+0000] {task_command.py:423} INFO - Running <TaskInstance: customer_metrics.load_labeled_transactions_raw manual__2024-11-20T03:23:08.473931+00:00 [running]> on host 4cf1ca1acf00
[2024-11-20T03:23:18.004+0000] {taskinstance.py:2510} INFO - Exporting env vars: AIRFLOW_CTX_DAG_OWNER='airflow' AIRFLOW_CTX_DAG_ID='customer_metrics' AIRFLOW_CTX_TASK_ID='load_labeled_transactions_raw' AIRFLOW_CTX_EXECUTION_DATE='2024-11-20T03:23:08.473931+00:00' AIRFLOW_CTX_TRY_NUMBER='1' AIRFLOW_CTX_DAG_RUN_ID='manual__2024-11-20T03:23:08.473931+00:00'
[2024-11-20T03:23:18.014+0000] {base.py:83} INFO - Using connection ID 'airbyte' for task execution.
[2024-11-20T03:23:18.335+0000] {airbyte.py:86} INFO - Job 43 was submitted to Airbyte Server
[2024-11-20T03:23:18.336+0000] {airbyte.py:88} INFO - Waiting for job 43 to complete
[2024-11-20T03:23:21.355+0000] {base.py:83} INFO - Using connection ID 'airbyte' for task execution.
[2024-11-20T03:23:24.385+0000] {base.py:83} INFO - Using connection ID 'airbyte' for task execution.
[2024-11-20T03:23:27.408+0000] {base.py:83} INFO - Using connection ID 'airbyte' for task execution.
[2024-11-20T03:23:30.427+0000] {base.py:83} INFO - Using connection ID 'airbyte' for task execution.
[2024-11-20T03:23:30.445+0000] {airbyte.py:112} INFO - Job 43 completed successfully
[2024-11-20T03:23:30.483+0000] {taskinstance.py:1149} INFO - Marking task as SUCCESS. dag_id=customer_metrics, task_id=load_labeled_transactions_raw, execution_date=20241120T032308, start_date=20241120T032317, end_date=20241120T032330
[2024-11-20T03:23:30.535+0000] {local_task_job_runner.py:234} INFO - Task exited with return code 0
[2024-11-20T03:23:30.576+0000] {taskinstance.py:3309} INFO - 0 downstream tasks scheduled from follow-on schedule check
