[2024-11-20T04:03:47.930+0000] {taskinstance.py:1979} INFO - Dependencies all met for dep_context=non-requeueable deps ti=<TaskInstance: customer_metrics.publish.labeled_transaction_run manual__2024-11-20T04:01:34.709926+00:00 [queued]>
[2024-11-20T04:03:47.941+0000] {taskinstance.py:1979} INFO - Dependencies all met for dep_context=requeueable deps ti=<TaskInstance: customer_metrics.publish.labeled_transaction_run manual__2024-11-20T04:01:34.709926+00:00 [queued]>
[2024-11-20T04:03:47.942+0000] {taskinstance.py:2193} INFO - Starting attempt 1 of 1
[2024-11-20T04:03:47.960+0000] {taskinstance.py:2214} INFO - Executing <Task(DbtRunLocalOperator): publish.labeled_transaction_run> on 2024-11-20 04:01:34.709926+00:00
[2024-11-20T04:03:47.973+0000] {standard_task_runner.py:60} INFO - Started process 14417 to run task
[2024-11-20T04:03:47.976+0000] {standard_task_runner.py:87} INFO - Running: ['airflow', 'tasks', 'run', 'customer_metrics', 'publish.labeled_transaction_run', 'manual__2024-11-20T04:01:34.709926+00:00', '--job-id', '135', '--raw', '--subdir', 'DAGS_FOLDER/customer_metrics.py', '--cfg-path', '/tmp/tmpla872z1r']
[2024-11-20T04:03:47.978+0000] {standard_task_runner.py:88} INFO - Job 135: Subtask publish.labeled_transaction_run
[2024-11-20T04:03:48.022+0000] {task_command.py:423} INFO - Running <TaskInstance: customer_metrics.publish.labeled_transaction_run manual__2024-11-20T04:01:34.709926+00:00 [running]> on host 4cf1ca1acf00
[2024-11-20T04:03:48.097+0000] {taskinstance.py:2510} INFO - Exporting env vars: AIRFLOW_CTX_DAG_OWNER='airflow' AIRFLOW_CTX_DAG_ID='customer_metrics' AIRFLOW_CTX_TASK_ID='publish.labeled_transaction_run' AIRFLOW_CTX_EXECUTION_DATE='2024-11-20T04:01:34.709926+00:00' AIRFLOW_CTX_TRY_NUMBER='1' AIRFLOW_CTX_DAG_RUN_ID='manual__2024-11-20T04:01:34.709926+00:00'
[2024-11-20T04:03:48.099+0000] {local.py:202} INFO - Cloning project to writable temp directory /tmp/tmpjrpo7cu0 from /opt/airflow/include/dbt/fraud
[2024-11-20T04:03:48.103+0000] {config.py:253} INFO - Using user-supplied profiles.yml at /opt/airflow/include/dbt/fraud/profiles.yml
[2024-11-20T04:03:48.104+0000] {local.py:235} INFO - Trying to run the command:
 ['/home/airflow/.local/bin/dbt', 'run', '--models', 'labeled_transaction', '--profiles-dir', '/opt/airflow/include/dbt/fraud', '--profile', 'fraud', '--target', 'dev']
From /tmp/tmpjrpo7cu0
[2024-11-20T04:03:48.104+0000] {local.py:236} INFO - Using environment variables keys: dict_keys(['AIRFLOW_CTX_DAG_OWNER', 'AIRFLOW_CTX_DAG_ID', 'AIRFLOW_CTX_TASK_ID', 'AIRFLOW_CTX_EXECUTION_DATE', 'AIRFLOW_CTX_TRY_NUMBER', 'AIRFLOW_CTX_DAG_RUN_ID'])
[2024-11-20T04:03:48.105+0000] {subprocess.py:60} INFO - Tmp dir root location: 
 /tmp
[2024-11-20T04:03:48.105+0000] {subprocess.py:73} INFO - Running command: ['/home/airflow/.local/bin/dbt', 'run', '--models', 'labeled_transaction', '--profiles-dir', '/opt/airflow/include/dbt/fraud', '--profile', 'fraud', '--target', 'dev']
[2024-11-20T04:03:48.114+0000] {subprocess.py:84} INFO - Command output:
[2024-11-20T04:03:49.696+0000] {subprocess.py:94} INFO - [0m04:03:49  Running with dbt=1.8.7
[2024-11-20T04:03:51.083+0000] {subprocess.py:94} INFO - [0m04:03:51  Registered adapter: snowflake=1.8.4
[2024-11-20T04:03:51.122+0000] {subprocess.py:94} INFO - [0m04:03:51  Unable to do partial parsing because saved manifest not found. Starting full parse.
[2024-11-20T04:03:53.076+0000] {subprocess.py:94} INFO - [0m04:03:53  Found 3 models, 454 macros
[2024-11-20T04:03:53.079+0000] {subprocess.py:94} INFO - [0m04:03:53
[2024-11-20T04:03:57.483+0000] {subprocess.py:94} INFO - [0m04:03:57  Concurrency: 1 threads (target='dev')
[2024-11-20T04:03:57.483+0000] {subprocess.py:94} INFO - [0m04:03:57
[2024-11-20T04:03:57.490+0000] {subprocess.py:94} INFO - [0m04:03:57  1 of 1 START sql table model AIRBYTE_SCHEMA.labeled_transaction ................ [RUN]
[2024-11-20T04:04:00.784+0000] {subprocess.py:94} INFO - [0m04:04:00  1 of 1 OK created sql table model AIRBYTE_SCHEMA.labeled_transaction ........... [[32mSUCCESS 1[0m in 3.29s]
[2024-11-20T04:04:00.788+0000] {subprocess.py:94} INFO - [0m04:04:00
[2024-11-20T04:04:00.788+0000] {subprocess.py:94} INFO - [0m04:04:00  Finished running 1 table model in 0 hours 0 minutes and 7.71 seconds (7.71s).
[2024-11-20T04:04:00.825+0000] {subprocess.py:94} INFO - [0m04:04:00
[2024-11-20T04:04:00.826+0000] {subprocess.py:94} INFO - [0m04:04:00  [32mCompleted successfully[0m
[2024-11-20T04:04:00.826+0000] {subprocess.py:94} INFO - [0m04:04:00
[2024-11-20T04:04:00.827+0000] {subprocess.py:94} INFO - [0m04:04:00  Done. PASS=1 WARN=0 ERROR=0 SKIP=0 TOTAL=1
[2024-11-20T04:04:02.035+0000] {subprocess.py:98} INFO - Command exited with return code 0
[2024-11-20T04:04:02.048+0000] {local.py:138} WARNING - Artifact schema version: https://schemas.getdbt.com/dbt/manifest/v12.json is above dbt-ol supported version 7. This might cause errors.
[2024-11-20T04:04:02.048+0000] {local.py:138} WARNING - Artifact schema version: https://schemas.getdbt.com/dbt/run-results/v6.json is above dbt-ol supported version 5. This might cause errors.
[2024-11-20T04:04:02.055+0000] {local.py:252} INFO - Inlets: []
[2024-11-20T04:04:02.055+0000] {local.py:253} INFO - Outlets: [Dataset(uri='snowflake://qab09154.us-east-1.aws/AIRBYTE_DATABASE.AIRBYTE_SCHEMA.labeled_transaction', extra=None)]
[2024-11-20T04:04:02.056+0000] {dag.py:3047} INFO - Sync 1 DAGs
[2024-11-20T04:04:02.086+0000] {dag.py:3834} INFO - Setting next_dagrun for customer_metrics to 2024-11-20 00:00:00+00:00, run_after=2024-11-21 00:00:00+00:00
[2024-11-20T04:04:02.116+0000] {local.py:371} INFO - [0m04:04:00  Done. PASS=1 WARN=0 ERROR=0 SKIP=0 TOTAL=1
[2024-11-20T04:04:02.122+0000] {logging_mixin.py:188} WARNING - /home/airflow/.local/lib/python3.8/site-packages/airflow/models/baseoperator.py:1469 RemovedInAirflow3Warning: Passing 'execution_date' to 'TaskInstance.xcom_push()' is deprecated.
[2024-11-20T04:04:02.142+0000] {taskinstance.py:1149} INFO - Marking task as SUCCESS. dag_id=customer_metrics, task_id=publish.labeled_transaction_run, execution_date=20241120T040134, start_date=20241120T040347, end_date=20241120T040402
[2024-11-20T04:04:02.163+0000] {local_task_job_runner.py:234} INFO - Task exited with return code 0
[2024-11-20T04:04:02.176+0000] {taskinstance.py:3309} INFO - 0 downstream tasks scheduled from follow-on schedule check
