[2024-11-20T03:17:45.910+0000] {taskinstance.py:1979} INFO - Dependencies all met for dep_context=non-requeueable deps ti=<TaskInstance: customer_metrics.write_to_staging manual__2024-11-20T03:17:14.554825+00:00 [queued]>
[2024-11-20T03:17:45.917+0000] {taskinstance.py:1979} INFO - Dependencies all met for dep_context=requeueable deps ti=<TaskInstance: customer_metrics.write_to_staging manual__2024-11-20T03:17:14.554825+00:00 [queued]>
[2024-11-20T03:17:45.918+0000] {taskinstance.py:2193} INFO - Starting attempt 1 of 1
[2024-11-20T03:17:45.928+0000] {taskinstance.py:2214} INFO - Executing <Task(AirbyteTriggerSyncOperator): write_to_staging> on 2024-11-20 03:17:14.554825+00:00
[2024-11-20T03:17:45.940+0000] {standard_task_runner.py:60} INFO - Started process 9676 to run task
[2024-11-20T03:17:45.943+0000] {standard_task_runner.py:87} INFO - Running: ['airflow', 'tasks', 'run', 'customer_metrics', 'write_to_staging', 'manual__2024-11-20T03:17:14.554825+00:00', '--job-id', '105', '--raw', '--subdir', 'DAGS_FOLDER/customer_metrics.py', '--cfg-path', '/tmp/tmp70i5y832']
[2024-11-20T03:17:45.945+0000] {standard_task_runner.py:88} INFO - Job 105: Subtask write_to_staging
[2024-11-20T03:17:45.985+0000] {task_command.py:423} INFO - Running <TaskInstance: customer_metrics.write_to_staging manual__2024-11-20T03:17:14.554825+00:00 [running]> on host 4cf1ca1acf00
[2024-11-20T03:17:46.050+0000] {taskinstance.py:2510} INFO - Exporting env vars: AIRFLOW_CTX_DAG_OWNER='airflow' AIRFLOW_CTX_DAG_ID='customer_metrics' AIRFLOW_CTX_TASK_ID='write_to_staging' AIRFLOW_CTX_EXECUTION_DATE='2024-11-20T03:17:14.554825+00:00' AIRFLOW_CTX_TRY_NUMBER='1' AIRFLOW_CTX_DAG_RUN_ID='manual__2024-11-20T03:17:14.554825+00:00'
[2024-11-20T03:17:46.058+0000] {base.py:83} INFO - Using connection ID 'airbyte' for task execution.
[2024-11-20T03:17:46.317+0000] {airbyte.py:86} INFO - Job 41 was submitted to Airbyte Server
[2024-11-20T03:17:46.318+0000] {airbyte.py:88} INFO - Waiting for job 41 to complete
[2024-11-20T03:17:49.327+0000] {base.py:83} INFO - Using connection ID 'airbyte' for task execution.
[2024-11-20T03:17:52.343+0000] {base.py:83} INFO - Using connection ID 'airbyte' for task execution.
[2024-11-20T03:17:55.360+0000] {base.py:83} INFO - Using connection ID 'airbyte' for task execution.
[2024-11-20T03:17:58.377+0000] {base.py:83} INFO - Using connection ID 'airbyte' for task execution.
[2024-11-20T03:18:01.394+0000] {base.py:83} INFO - Using connection ID 'airbyte' for task execution.
[2024-11-20T03:18:04.413+0000] {base.py:83} INFO - Using connection ID 'airbyte' for task execution.
[2024-11-20T03:18:07.431+0000] {base.py:83} INFO - Using connection ID 'airbyte' for task execution.
[2024-11-20T03:18:10.448+0000] {base.py:83} INFO - Using connection ID 'airbyte' for task execution.
[2024-11-20T03:18:13.479+0000] {base.py:83} INFO - Using connection ID 'airbyte' for task execution.
[2024-11-20T03:18:16.499+0000] {base.py:83} INFO - Using connection ID 'airbyte' for task execution.
[2024-11-20T03:18:19.516+0000] {base.py:83} INFO - Using connection ID 'airbyte' for task execution.
[2024-11-20T03:18:19.529+0000] {airbyte.py:112} INFO - Job 41 completed successfully
[2024-11-20T03:18:19.549+0000] {taskinstance.py:1149} INFO - Marking task as SUCCESS. dag_id=customer_metrics, task_id=write_to_staging, execution_date=20241120T031714, start_date=20241120T031745, end_date=20241120T031819
[2024-11-20T03:18:19.599+0000] {local_task_job_runner.py:234} INFO - Task exited with return code 0
[2024-11-20T03:18:19.625+0000] {taskinstance.py:3309} INFO - 1 downstream tasks scheduled from follow-on schedule check
