[2024-11-20T03:09:03.013+0000] {taskinstance.py:1979} INFO - Dependencies all met for dep_context=non-requeueable deps ti=<TaskInstance: customer_metrics.load_customer_transactions_raw manual__2024-11-20T03:08:52.532363+00:00 [queued]>
[2024-11-20T03:09:03.022+0000] {taskinstance.py:1979} INFO - Dependencies all met for dep_context=requeueable deps ti=<TaskInstance: customer_metrics.load_customer_transactions_raw manual__2024-11-20T03:08:52.532363+00:00 [queued]>
[2024-11-20T03:09:03.023+0000] {taskinstance.py:2193} INFO - Starting attempt 1 of 1
[2024-11-20T03:09:03.037+0000] {taskinstance.py:2214} INFO - Executing <Task(AirbyteTriggerSyncOperator): load_customer_transactions_raw> on 2024-11-20 03:08:52.532363+00:00
[2024-11-20T03:09:03.050+0000] {standard_task_runner.py:60} INFO - Started process 8821 to run task
[2024-11-20T03:09:03.053+0000] {standard_task_runner.py:87} INFO - Running: ['airflow', 'tasks', 'run', 'customer_metrics', 'load_customer_transactions_raw', 'manual__2024-11-20T03:08:52.532363+00:00', '--job-id', '97', '--raw', '--subdir', 'DAGS_FOLDER/customer_metrics.py', '--cfg-path', '/tmp/tmpn85fcqzv']
[2024-11-20T03:09:03.055+0000] {standard_task_runner.py:88} INFO - Job 97: Subtask load_customer_transactions_raw
[2024-11-20T03:09:03.106+0000] {task_command.py:423} INFO - Running <TaskInstance: customer_metrics.load_customer_transactions_raw manual__2024-11-20T03:08:52.532363+00:00 [running]> on host 4cf1ca1acf00
[2024-11-20T03:09:03.197+0000] {taskinstance.py:2510} INFO - Exporting env vars: AIRFLOW_CTX_DAG_OWNER='airflow' AIRFLOW_CTX_DAG_ID='customer_metrics' AIRFLOW_CTX_TASK_ID='load_customer_transactions_raw' AIRFLOW_CTX_EXECUTION_DATE='2024-11-20T03:08:52.532363+00:00' AIRFLOW_CTX_TRY_NUMBER='1' AIRFLOW_CTX_DAG_RUN_ID='manual__2024-11-20T03:08:52.532363+00:00'
[2024-11-20T03:09:03.211+0000] {base.py:83} INFO - Using connection ID 'airbyte' for task execution.
[2024-11-20T03:09:03.596+0000] {airbyte.py:86} INFO - Job 37 was submitted to Airbyte Server
[2024-11-20T03:09:03.596+0000] {airbyte.py:88} INFO - Waiting for job 37 to complete
[2024-11-20T03:09:06.607+0000] {base.py:83} INFO - Using connection ID 'airbyte' for task execution.
[2024-11-20T03:09:09.665+0000] {base.py:83} INFO - Using connection ID 'airbyte' for task execution.
[2024-11-20T03:09:12.695+0000] {base.py:83} INFO - Using connection ID 'airbyte' for task execution.
[2024-11-20T03:09:15.720+0000] {base.py:83} INFO - Using connection ID 'airbyte' for task execution.
[2024-11-20T03:09:15.731+0000] {airbyte.py:112} INFO - Job 37 completed successfully
[2024-11-20T03:09:15.752+0000] {taskinstance.py:1149} INFO - Marking task as SUCCESS. dag_id=customer_metrics, task_id=load_customer_transactions_raw, execution_date=20241120T030852, start_date=20241120T030903, end_date=20241120T030915
[2024-11-20T03:09:15.808+0000] {local_task_job_runner.py:234} INFO - Task exited with return code 0
[2024-11-20T03:09:15.836+0000] {taskinstance.py:3309} INFO - 0 downstream tasks scheduled from follow-on schedule check
