[2024-11-19T09:48:34.661+0000] {taskinstance.py:1979} INFO - Dependencies all met for dep_context=non-requeueable deps ti=<TaskInstance: customer_metrics.write_to_staging manual__2024-11-19T09:47:58.608848+00:00 [queued]>
[2024-11-19T09:48:34.669+0000] {taskinstance.py:1979} INFO - Dependencies all met for dep_context=requeueable deps ti=<TaskInstance: customer_metrics.write_to_staging manual__2024-11-19T09:47:58.608848+00:00 [queued]>
[2024-11-19T09:48:34.670+0000] {taskinstance.py:2193} INFO - Starting attempt 1 of 1
[2024-11-19T09:48:34.683+0000] {taskinstance.py:2214} INFO - Executing <Task(AirbyteTriggerSyncOperator): write_to_staging> on 2024-11-19 09:47:58.608848+00:00
[2024-11-19T09:48:34.696+0000] {standard_task_runner.py:60} INFO - Started process 5204 to run task
[2024-11-19T09:48:34.699+0000] {standard_task_runner.py:87} INFO - Running: ['airflow', 'tasks', 'run', 'customer_metrics', 'write_to_staging', 'manual__2024-11-19T09:47:58.608848+00:00', '--job-id', '68', '--raw', '--subdir', 'DAGS_FOLDER/customer_metrics.py', '--cfg-path', '/tmp/tmpth_8c8w5']
[2024-11-19T09:48:34.700+0000] {standard_task_runner.py:88} INFO - Job 68: Subtask write_to_staging
[2024-11-19T09:48:34.743+0000] {task_command.py:423} INFO - Running <TaskInstance: customer_metrics.write_to_staging manual__2024-11-19T09:47:58.608848+00:00 [running]> on host 4cf1ca1acf00
[2024-11-19T09:48:34.815+0000] {taskinstance.py:2510} INFO - Exporting env vars: AIRFLOW_CTX_DAG_OWNER='airflow' AIRFLOW_CTX_DAG_ID='customer_metrics' AIRFLOW_CTX_TASK_ID='write_to_staging' AIRFLOW_CTX_EXECUTION_DATE='2024-11-19T09:47:58.608848+00:00' AIRFLOW_CTX_TRY_NUMBER='1' AIRFLOW_CTX_DAG_RUN_ID='manual__2024-11-19T09:47:58.608848+00:00'
[2024-11-19T09:48:34.825+0000] {base.py:83} INFO - Using connection ID 'airbyte' for task execution.
[2024-11-19T09:48:35.136+0000] {airbyte.py:86} INFO - Job 21 was submitted to Airbyte Server
[2024-11-19T09:48:35.136+0000] {airbyte.py:88} INFO - Waiting for job 21 to complete
[2024-11-19T09:48:38.147+0000] {base.py:83} INFO - Using connection ID 'airbyte' for task execution.
[2024-11-19T09:48:41.175+0000] {base.py:83} INFO - Using connection ID 'airbyte' for task execution.
[2024-11-19T09:48:44.193+0000] {base.py:83} INFO - Using connection ID 'airbyte' for task execution.
[2024-11-19T09:48:47.220+0000] {base.py:83} INFO - Using connection ID 'airbyte' for task execution.
[2024-11-19T09:48:50.243+0000] {base.py:83} INFO - Using connection ID 'airbyte' for task execution.
[2024-11-19T09:48:53.262+0000] {base.py:83} INFO - Using connection ID 'airbyte' for task execution.
[2024-11-19T09:48:56.282+0000] {base.py:83} INFO - Using connection ID 'airbyte' for task execution.
[2024-11-19T09:48:59.302+0000] {base.py:83} INFO - Using connection ID 'airbyte' for task execution.
[2024-11-19T09:49:02.322+0000] {base.py:83} INFO - Using connection ID 'airbyte' for task execution.
[2024-11-19T09:49:05.343+0000] {base.py:83} INFO - Using connection ID 'airbyte' for task execution.
[2024-11-19T09:49:08.362+0000] {base.py:83} INFO - Using connection ID 'airbyte' for task execution.
[2024-11-19T09:49:11.383+0000] {base.py:83} INFO - Using connection ID 'airbyte' for task execution.
[2024-11-19T09:49:11.395+0000] {airbyte.py:112} INFO - Job 21 completed successfully
[2024-11-19T09:49:11.423+0000] {taskinstance.py:1149} INFO - Marking task as SUCCESS. dag_id=customer_metrics, task_id=write_to_staging, execution_date=20241119T094758, start_date=20241119T094834, end_date=20241119T094911
[2024-11-19T09:49:11.444+0000] {local_task_job_runner.py:234} INFO - Task exited with return code 0
[2024-11-19T09:49:11.470+0000] {taskinstance.py:3309} INFO - 1 downstream tasks scheduled from follow-on schedule check
