[2024-11-20T01:43:19.635+0000] {taskinstance.py:1979} INFO - Dependencies all met for dep_context=non-requeueable deps ti=<TaskInstance: customer_metrics.load_labeled_transactions_raw manual__2024-11-20T01:43:10.344013+00:00 [queued]>
[2024-11-20T01:43:19.642+0000] {taskinstance.py:1979} INFO - Dependencies all met for dep_context=requeueable deps ti=<TaskInstance: customer_metrics.load_labeled_transactions_raw manual__2024-11-20T01:43:10.344013+00:00 [queued]>
[2024-11-20T01:43:19.643+0000] {taskinstance.py:2193} INFO - Starting attempt 1 of 1
[2024-11-20T01:43:19.661+0000] {taskinstance.py:2214} INFO - Executing <Task(AirbyteTriggerSyncOperator): load_labeled_transactions_raw> on 2024-11-20 01:43:10.344013+00:00
[2024-11-20T01:43:19.666+0000] {standard_task_runner.py:60} INFO - Started process 2150 to run task
[2024-11-20T01:43:19.669+0000] {standard_task_runner.py:87} INFO - Running: ['airflow', 'tasks', 'run', 'customer_metrics', 'load_labeled_transactions_raw', 'manual__2024-11-20T01:43:10.344013+00:00', '--job-id', '91', '--raw', '--subdir', 'DAGS_FOLDER/customer_metrics.py', '--cfg-path', '/tmp/tmpuunlkj9w']
[2024-11-20T01:43:19.670+0000] {standard_task_runner.py:88} INFO - Job 91: Subtask load_labeled_transactions_raw
[2024-11-20T01:43:19.720+0000] {task_command.py:423} INFO - Running <TaskInstance: customer_metrics.load_labeled_transactions_raw manual__2024-11-20T01:43:10.344013+00:00 [running]> on host 4cf1ca1acf00
[2024-11-20T01:43:19.799+0000] {taskinstance.py:2510} INFO - Exporting env vars: AIRFLOW_CTX_DAG_OWNER='airflow' AIRFLOW_CTX_DAG_ID='customer_metrics' AIRFLOW_CTX_TASK_ID='load_labeled_transactions_raw' AIRFLOW_CTX_EXECUTION_DATE='2024-11-20T01:43:10.344013+00:00' AIRFLOW_CTX_TRY_NUMBER='1' AIRFLOW_CTX_DAG_RUN_ID='manual__2024-11-20T01:43:10.344013+00:00'
[2024-11-20T01:43:19.809+0000] {base.py:83} INFO - Using connection ID 'airbyte' for task execution.
[2024-11-20T01:43:20.211+0000] {airbyte.py:86} INFO - Job 31 was submitted to Airbyte Server
[2024-11-20T01:43:20.212+0000] {airbyte.py:88} INFO - Waiting for job 31 to complete
[2024-11-20T01:43:23.236+0000] {base.py:83} INFO - Using connection ID 'airbyte' for task execution.
[2024-11-20T01:43:26.270+0000] {base.py:83} INFO - Using connection ID 'airbyte' for task execution.
[2024-11-20T01:43:29.305+0000] {base.py:83} INFO - Using connection ID 'airbyte' for task execution.
[2024-11-20T01:43:32.327+0000] {base.py:83} INFO - Using connection ID 'airbyte' for task execution.
[2024-11-20T01:43:32.340+0000] {airbyte.py:112} INFO - Job 31 completed successfully
[2024-11-20T01:43:32.371+0000] {taskinstance.py:1149} INFO - Marking task as SUCCESS. dag_id=customer_metrics, task_id=load_labeled_transactions_raw, execution_date=20241120T014310, start_date=20241120T014319, end_date=20241120T014332
[2024-11-20T01:43:32.425+0000] {local_task_job_runner.py:234} INFO - Task exited with return code 0
[2024-11-20T01:43:32.451+0000] {taskinstance.py:3309} INFO - 1 downstream tasks scheduled from follow-on schedule check
