[2024-11-20T04:47:12.989+0000] {taskinstance.py:1979} INFO - Dependencies all met for dep_context=non-requeueable deps ti=<TaskInstance: customer_metrics.write_to_staging manual__2024-11-20T04:46:39.560816+00:00 [queued]>
[2024-11-20T04:47:12.997+0000] {taskinstance.py:1979} INFO - Dependencies all met for dep_context=requeueable deps ti=<TaskInstance: customer_metrics.write_to_staging manual__2024-11-20T04:46:39.560816+00:00 [queued]>
[2024-11-20T04:47:12.998+0000] {taskinstance.py:2193} INFO - Starting attempt 1 of 1
[2024-11-20T04:47:13.014+0000] {taskinstance.py:2214} INFO - Executing <Task(AirbyteTriggerSyncOperator): write_to_staging> on 2024-11-20 04:46:39.560816+00:00
[2024-11-20T04:47:13.026+0000] {standard_task_runner.py:60} INFO - Started process 18290 to run task
[2024-11-20T04:47:13.029+0000] {standard_task_runner.py:87} INFO - Running: ['airflow', 'tasks', 'run', 'customer_metrics', 'write_to_staging', 'manual__2024-11-20T04:46:39.560816+00:00', '--job-id', '150', '--raw', '--subdir', 'DAGS_FOLDER/customer_metrics.py', '--cfg-path', '/tmp/tmpx5h2q5sd']
[2024-11-20T04:47:13.030+0000] {standard_task_runner.py:88} INFO - Job 150: Subtask write_to_staging
[2024-11-20T04:47:13.079+0000] {task_command.py:423} INFO - Running <TaskInstance: customer_metrics.write_to_staging manual__2024-11-20T04:46:39.560816+00:00 [running]> on host 4cf1ca1acf00
[2024-11-20T04:47:13.163+0000] {taskinstance.py:2510} INFO - Exporting env vars: AIRFLOW_CTX_DAG_OWNER='airflow' AIRFLOW_CTX_DAG_ID='customer_metrics' AIRFLOW_CTX_TASK_ID='write_to_staging' AIRFLOW_CTX_EXECUTION_DATE='2024-11-20T04:46:39.560816+00:00' AIRFLOW_CTX_TRY_NUMBER='1' AIRFLOW_CTX_DAG_RUN_ID='manual__2024-11-20T04:46:39.560816+00:00'
[2024-11-20T04:47:13.173+0000] {base.py:83} INFO - Using connection ID 'airbyte' for task execution.
[2024-11-20T04:47:13.508+0000] {airbyte.py:86} INFO - Job 56 was submitted to Airbyte Server
[2024-11-20T04:47:13.508+0000] {airbyte.py:88} INFO - Waiting for job 56 to complete
[2024-11-20T04:47:16.525+0000] {base.py:83} INFO - Using connection ID 'airbyte' for task execution.
[2024-11-20T04:47:19.579+0000] {base.py:83} INFO - Using connection ID 'airbyte' for task execution.
[2024-11-20T04:47:22.607+0000] {base.py:83} INFO - Using connection ID 'airbyte' for task execution.
[2024-11-20T04:47:25.642+0000] {base.py:83} INFO - Using connection ID 'airbyte' for task execution.
[2024-11-20T04:47:28.663+0000] {base.py:83} INFO - Using connection ID 'airbyte' for task execution.
[2024-11-20T04:47:31.681+0000] {base.py:83} INFO - Using connection ID 'airbyte' for task execution.
[2024-11-20T04:47:34.698+0000] {base.py:83} INFO - Using connection ID 'airbyte' for task execution.
[2024-11-20T04:47:37.717+0000] {base.py:83} INFO - Using connection ID 'airbyte' for task execution.
[2024-11-20T04:47:40.737+0000] {base.py:83} INFO - Using connection ID 'airbyte' for task execution.
[2024-11-20T04:47:43.758+0000] {base.py:83} INFO - Using connection ID 'airbyte' for task execution.
[2024-11-20T04:47:46.779+0000] {base.py:83} INFO - Using connection ID 'airbyte' for task execution.
[2024-11-20T04:47:49.808+0000] {base.py:83} INFO - Using connection ID 'airbyte' for task execution.
[2024-11-20T04:47:49.830+0000] {airbyte.py:112} INFO - Job 56 completed successfully
[2024-11-20T04:47:49.862+0000] {taskinstance.py:1149} INFO - Marking task as SUCCESS. dag_id=customer_metrics, task_id=write_to_staging, execution_date=20241120T044639, start_date=20241120T044712, end_date=20241120T044749
[2024-11-20T04:47:49.920+0000] {local_task_job_runner.py:234} INFO - Task exited with return code 0
[2024-11-20T04:47:49.950+0000] {taskinstance.py:3309} INFO - 1 downstream tasks scheduled from follow-on schedule check
