[2024-11-20T03:48:48.052+0000] {taskinstance.py:1979} INFO - Dependencies all met for dep_context=non-requeueable deps ti=<TaskInstance: customer_metrics.audit_labeled_transactions manual__2024-11-20T03:47:11.945088+00:00 [queued]>
[2024-11-20T03:48:48.058+0000] {taskinstance.py:1979} INFO - Dependencies all met for dep_context=requeueable deps ti=<TaskInstance: customer_metrics.audit_labeled_transactions manual__2024-11-20T03:47:11.945088+00:00 [queued]>
[2024-11-20T03:48:48.059+0000] {taskinstance.py:2193} INFO - Starting attempt 1 of 1
[2024-11-20T03:48:48.071+0000] {taskinstance.py:2214} INFO - Executing <Task(_PythonExternalDecoratedOperator): audit_labeled_transactions> on 2024-11-20 03:47:11.945088+00:00
[2024-11-20T03:48:48.075+0000] {standard_task_runner.py:60} INFO - Started process 12713 to run task
[2024-11-20T03:48:48.078+0000] {standard_task_runner.py:87} INFO - Running: ['airflow', 'tasks', 'run', 'customer_metrics', 'audit_labeled_transactions', 'manual__2024-11-20T03:47:11.945088+00:00', '--job-id', '123', '--raw', '--subdir', 'DAGS_FOLDER/customer_metrics.py', '--cfg-path', '/tmp/tmpavjg6454']
[2024-11-20T03:48:48.079+0000] {standard_task_runner.py:88} INFO - Job 123: Subtask audit_labeled_transactions
[2024-11-20T03:48:48.120+0000] {task_command.py:423} INFO - Running <TaskInstance: customer_metrics.audit_labeled_transactions manual__2024-11-20T03:47:11.945088+00:00 [running]> on host 4cf1ca1acf00
[2024-11-20T03:48:48.193+0000] {taskinstance.py:2510} INFO - Exporting env vars: AIRFLOW_CTX_DAG_OWNER='airflow' AIRFLOW_CTX_DAG_ID='customer_metrics' AIRFLOW_CTX_TASK_ID='audit_labeled_transactions' AIRFLOW_CTX_EXECUTION_DATE='2024-11-20T03:47:11.945088+00:00' AIRFLOW_CTX_TRY_NUMBER='1' AIRFLOW_CTX_DAG_RUN_ID='manual__2024-11-20T03:47:11.945088+00:00'
[2024-11-20T03:48:48.224+0000] {python.py:913} WARNING - When checking for Airflow installed in virtual environment got Command '['/opt/airflow/soda_venv/bin/python', '-c', 'from airflow import __version__; print(__version__)']' returned non-zero exit status 1.
[2024-11-20T03:48:48.225+0000] {python.py:914} WARNING - This means that Airflow is not properly installed by  /opt/airflow/soda_venv/bin/python. Airflow context keys will not be available. Please Install Airflow 2.8.2 in your environment to access them.
[2024-11-20T03:48:48.271+0000] {process_utils.py:182} INFO - Executing cmd: /opt/airflow/soda_venv/bin/python /tmp/venv-call9i77n7xg/script.py /tmp/venv-call9i77n7xg/script.in /tmp/venv-call9i77n7xg/script.out /tmp/venv-call9i77n7xg/string_args.txt /tmp/venv-call9i77n7xg/termination.log
[2024-11-20T03:48:48.277+0000] {process_utils.py:186} INFO - Output:
[2024-11-20T03:48:54.735+0000] {process_utils.py:190} INFO - Running Soda Scan ...
[2024-11-20T03:48:54.735+0000] {process_utils.py:190} INFO - INFO   | Soda Core 3.2.2
[2024-11-20T03:48:54.736+0000] {process_utils.py:190} INFO - DEBUG  | Reading configuration file "include/soda/configuration.yml"
[2024-11-20T03:48:54.736+0000] {process_utils.py:190} INFO - DEBUG  | Reading SodaCL file "include/soda/tables/labeled_transactions.yml"
[2024-11-20T03:48:54.737+0000] {process_utils.py:190} INFO - DEBUG  | Reading SodaCL file "include/soda/tables/customer_transactions.yml"
[2024-11-20T03:48:54.737+0000] {process_utils.py:190} INFO - DEBUG  | Scan execution starts
[2024-11-20T03:48:54.738+0000] {process_utils.py:190} INFO - DEBUG  | Query staging.labeled_transactions.aggregation[0]:
[2024-11-20T03:48:54.738+0000] {process_utils.py:190} INFO - SELECT
[2024-11-20T03:48:54.738+0000] {process_utils.py:190} INFO -   COUNT(*),
[2024-11-20T03:48:54.739+0000] {process_utils.py:190} INFO -   COUNT(CASE WHEN transaction_id IS NULL THEN 1 END),
[2024-11-20T03:48:54.739+0000] {process_utils.py:190} INFO -   COUNT(CASE WHEN is_fraudulent IS NULL THEN 1 END)
[2024-11-20T03:48:54.739+0000] {process_utils.py:190} INFO - FROM AIRBYTE_DATABASE.STAGING.labeled_transactions
[2024-11-20T03:48:54.739+0000] {process_utils.py:190} INFO - DEBUG  | Query staging.labeled_transactions.transaction_id.duplicate_count:
[2024-11-20T03:48:54.740+0000] {process_utils.py:190} INFO - 
[2024-11-20T03:48:54.740+0000] {process_utils.py:190} INFO - WITH frequencies AS (
[2024-11-20T03:48:54.741+0000] {process_utils.py:190} INFO -     SELECT COUNT(*) AS frequency
[2024-11-20T03:48:54.741+0000] {process_utils.py:190} INFO -     FROM AIRBYTE_DATABASE.STAGING.labeled_transactions
[2024-11-20T03:48:54.741+0000] {process_utils.py:190} INFO -     WHERE transaction_id IS NOT NULL
[2024-11-20T03:48:54.742+0000] {process_utils.py:190} INFO -     GROUP BY transaction_id)
[2024-11-20T03:48:54.742+0000] {process_utils.py:190} INFO - SELECT COUNT(*)
[2024-11-20T03:48:54.742+0000] {process_utils.py:190} INFO - FROM frequencies
[2024-11-20T03:48:54.742+0000] {process_utils.py:190} INFO - WHERE frequency > 1
[2024-11-20T03:48:54.743+0000] {process_utils.py:190} INFO - DEBUG  | Query staging.labeled_transactions.duplicate_count[transaction_id].failed_rows.aggregated:
[2024-11-20T03:48:54.743+0000] {process_utils.py:190} INFO - 
[2024-11-20T03:48:54.743+0000] {process_utils.py:190} INFO - WITH frequencies AS (
[2024-11-20T03:48:54.743+0000] {process_utils.py:190} INFO -     SELECT transaction_id, COUNT(*) AS frequency
[2024-11-20T03:48:54.744+0000] {process_utils.py:190} INFO -     FROM AIRBYTE_DATABASE.STAGING.labeled_transactions
[2024-11-20T03:48:54.744+0000] {process_utils.py:190} INFO -     WHERE transaction_id IS NOT NULL
[2024-11-20T03:48:54.744+0000] {process_utils.py:190} INFO -     GROUP BY transaction_id)
[2024-11-20T03:48:54.745+0000] {process_utils.py:190} INFO - SELECT *
[2024-11-20T03:48:54.745+0000] {process_utils.py:190} INFO - FROM frequencies
[2024-11-20T03:48:54.745+0000] {process_utils.py:190} INFO - WHERE frequency > 1
[2024-11-20T03:48:54.746+0000] {process_utils.py:190} INFO - ORDER BY frequency DESC
[2024-11-20T03:48:54.746+0000] {process_utils.py:190} INFO - LIMIT 100
[2024-11-20T03:48:54.746+0000] {process_utils.py:190} INFO - DEBUG  | Query staging.customer_transactions.aggregation[0]:
[2024-11-20T03:48:54.747+0000] {process_utils.py:190} INFO - SELECT
[2024-11-20T03:48:54.747+0000] {process_utils.py:190} INFO -   COUNT(*),
[2024-11-20T03:48:54.747+0000] {process_utils.py:190} INFO -   COUNT(CASE WHEN transaction_id IS NULL THEN 1 END),
[2024-11-20T03:48:54.748+0000] {process_utils.py:190} INFO -   COUNT(CASE WHEN user_id IS NULL THEN 1 END),
[2024-11-20T03:48:54.748+0000] {process_utils.py:190} INFO -   COUNT(CASE WHEN transaction_date IS NULL THEN 1 END),
[2024-11-20T03:48:54.748+0000] {process_utils.py:190} INFO -   COUNT(CASE WHEN amount IS NULL THEN 1 END)
[2024-11-20T03:48:54.748+0000] {process_utils.py:190} INFO - FROM AIRBYTE_DATABASE.STAGING.customer_transactions
[2024-11-20T03:48:54.749+0000] {process_utils.py:190} INFO - DEBUG  | Query staging.customer_transactions.transaction_id.duplicate_count:
[2024-11-20T03:48:54.749+0000] {process_utils.py:190} INFO - 
[2024-11-20T03:48:54.750+0000] {process_utils.py:190} INFO - WITH frequencies AS (
[2024-11-20T03:48:54.750+0000] {process_utils.py:190} INFO -     SELECT COUNT(*) AS frequency
[2024-11-20T03:48:54.750+0000] {process_utils.py:190} INFO -     FROM AIRBYTE_DATABASE.STAGING.customer_transactions
[2024-11-20T03:48:54.751+0000] {process_utils.py:190} INFO -     WHERE transaction_id IS NOT NULL
[2024-11-20T03:48:54.751+0000] {process_utils.py:190} INFO -     GROUP BY transaction_id)
[2024-11-20T03:48:54.751+0000] {process_utils.py:190} INFO - SELECT COUNT(*)
[2024-11-20T03:48:54.751+0000] {process_utils.py:190} INFO - FROM frequencies
[2024-11-20T03:48:54.752+0000] {process_utils.py:190} INFO - WHERE frequency > 1
[2024-11-20T03:48:54.752+0000] {process_utils.py:190} INFO - DEBUG  | Query staging.customer_transactions.duplicate_count[transaction_id].failed_rows.aggregated:
[2024-11-20T03:48:54.752+0000] {process_utils.py:190} INFO - 
[2024-11-20T03:48:54.752+0000] {process_utils.py:190} INFO - WITH frequencies AS (
[2024-11-20T03:48:54.753+0000] {process_utils.py:190} INFO -     SELECT transaction_id, COUNT(*) AS frequency
[2024-11-20T03:48:54.753+0000] {process_utils.py:190} INFO -     FROM AIRBYTE_DATABASE.STAGING.customer_transactions
[2024-11-20T03:48:54.753+0000] {process_utils.py:190} INFO -     WHERE transaction_id IS NOT NULL
[2024-11-20T03:48:54.753+0000] {process_utils.py:190} INFO -     GROUP BY transaction_id)
[2024-11-20T03:48:54.754+0000] {process_utils.py:190} INFO - SELECT *
[2024-11-20T03:48:54.754+0000] {process_utils.py:190} INFO - FROM frequencies
[2024-11-20T03:48:54.754+0000] {process_utils.py:190} INFO - WHERE frequency > 1
[2024-11-20T03:48:54.754+0000] {process_utils.py:190} INFO - ORDER BY frequency DESC
[2024-11-20T03:48:54.755+0000] {process_utils.py:190} INFO - LIMIT 100
[2024-11-20T03:48:54.755+0000] {process_utils.py:190} INFO - DEBUG  | Query staging.labeled_transactions.schema[labeled_transactions]:
[2024-11-20T03:48:54.755+0000] {process_utils.py:190} INFO - SELECT column_name, data_type, is_nullable
[2024-11-20T03:48:54.756+0000] {process_utils.py:190} INFO - FROM information_schema.columns
[2024-11-20T03:48:54.756+0000] {process_utils.py:190} INFO - WHERE upper(table_name) = 'LABELED_TRANSACTIONS'
[2024-11-20T03:48:54.756+0000] {process_utils.py:190} INFO -   AND upper(table_catalog) = 'AIRBYTE_DATABASE'
[2024-11-20T03:48:54.756+0000] {process_utils.py:190} INFO -   AND upper(table_schema) = 'STAGING'
[2024-11-20T03:48:54.757+0000] {process_utils.py:190} INFO - ORDER BY ORDINAL_POSITION
[2024-11-20T03:48:54.757+0000] {process_utils.py:190} INFO - DEBUG  | Query staging.reference[transaction_id]:
[2024-11-20T03:48:54.757+0000] {process_utils.py:190} INFO - 
[2024-11-20T03:48:54.757+0000] {process_utils.py:190} INFO - SELECT COUNT(*)
[2024-11-20T03:48:54.758+0000] {process_utils.py:190} INFO -     FROM AIRBYTE_DATABASE.STAGING.labeled_transactions  SOURCE
[2024-11-20T03:48:54.758+0000] {process_utils.py:190} INFO -     LEFT JOIN AIRBYTE_DATABASE.STAGING.customer_transactions TARGET on SOURCE.transaction_id = TARGET.transaction_id
[2024-11-20T03:48:54.758+0000] {process_utils.py:190} INFO - WHERE (SOURCE.transaction_id IS NOT NULL AND TARGET.transaction_id IS  NULL)
[2024-11-20T03:48:54.759+0000] {process_utils.py:190} INFO - DEBUG  | Query staging.customer_transactions.schema[customer_transactions]:
[2024-11-20T03:48:54.759+0000] {process_utils.py:190} INFO - SELECT column_name, data_type, is_nullable
[2024-11-20T03:48:54.759+0000] {process_utils.py:190} INFO - FROM information_schema.columns
[2024-11-20T03:48:54.759+0000] {process_utils.py:190} INFO - WHERE upper(table_name) = 'CUSTOMER_TRANSACTIONS'
[2024-11-20T03:48:54.760+0000] {process_utils.py:190} INFO -   AND upper(table_catalog) = 'AIRBYTE_DATABASE'
[2024-11-20T03:48:54.760+0000] {process_utils.py:190} INFO -   AND upper(table_schema) = 'STAGING'
[2024-11-20T03:48:54.760+0000] {process_utils.py:190} INFO - ORDER BY ORDINAL_POSITION
[2024-11-20T03:48:54.760+0000] {process_utils.py:190} INFO - INFO   | Scan summary:
[2024-11-20T03:48:54.761+0000] {process_utils.py:190} INFO - DEBUG  | 9/9 queries OK
[2024-11-20T03:48:54.761+0000] {process_utils.py:190} INFO - DEBUG  |   staging.labeled_transactions.aggregation[0] [OK] 0:00:00.311965
[2024-11-20T03:48:54.761+0000] {process_utils.py:190} INFO - DEBUG  |   staging.labeled_transactions.transaction_id.duplicate_count [OK] 0:00:00.287055
[2024-11-20T03:48:54.762+0000] {process_utils.py:190} INFO - DEBUG  |   staging.labeled_transactions.duplicate_count[transaction_id].failed_rows.aggregated [OK] 0:00:00.282890
[2024-11-20T03:48:54.762+0000] {process_utils.py:190} INFO - DEBUG  |   staging.customer_transactions.aggregation[0] [OK] 0:00:00.278015
[2024-11-20T03:48:54.762+0000] {process_utils.py:190} INFO - DEBUG  |   staging.customer_transactions.transaction_id.duplicate_count [OK] 0:00:00.297645
[2024-11-20T03:48:54.762+0000] {process_utils.py:190} INFO - DEBUG  |   staging.customer_transactions.duplicate_count[transaction_id].failed_rows.aggregated [OK] 0:00:00.398392
[2024-11-20T03:48:54.763+0000] {process_utils.py:190} INFO - DEBUG  |   staging.labeled_transactions.schema[labeled_transactions] [OK] 0:00:01.103834
[2024-11-20T03:48:54.763+0000] {process_utils.py:190} INFO - DEBUG  |   staging.reference[transaction_id] [OK] 0:00:00.271339
[2024-11-20T03:48:54.763+0000] {process_utils.py:190} INFO - DEBUG  |   staging.customer_transactions.schema[customer_transactions] [OK] 0:00:01.264865
[2024-11-20T03:48:54.764+0000] {process_utils.py:190} INFO - INFO   | 13/13 checks PASSED:
[2024-11-20T03:48:54.764+0000] {process_utils.py:190} INFO - INFO   |     labeled_transactions in staging
[2024-11-20T03:48:54.764+0000] {process_utils.py:190} INFO - INFO   |       Table is empty [include/soda/tables/labeled_transactions.yml] [PASSED]
[2024-11-20T03:48:54.764+0000] {process_utils.py:190} INFO - INFO   |         check_value: 531
[2024-11-20T03:48:54.765+0000] {process_utils.py:190} INFO - INFO   |       Schema Check [include/soda/tables/labeled_transactions.yml] [PASSED]
[2024-11-20T03:48:54.765+0000] {process_utils.py:190} INFO - INFO   |         schema_measured = [_AIRBYTE_RAW_ID TEXT, _AIRBYTE_EXTRACTED_AT TIMESTAMP_TZ, _AIRBYTE_META VARIANT, IS_FRAUDULENT BOOLEAN, TRANSACTION_ID NUMBER, _AB_SOURCE_FILE_URL TEXT, _AB_SOURCE_FILE_LAST_MODIFIED TEXT]
[2024-11-20T03:48:54.765+0000] {process_utils.py:190} INFO - INFO   |       Transaction IDs must match the reference table [include/soda/tables/labeled_transactions.yml] [PASSED]
[2024-11-20T03:48:54.766+0000] {process_utils.py:190} INFO - INFO   |         value: 0
[2024-11-20T03:48:54.766+0000] {process_utils.py:190} INFO - INFO   |       Duplicate transaction ids [include/soda/tables/labeled_transactions.yml] [PASSED]
[2024-11-20T03:48:54.767+0000] {process_utils.py:190} INFO - INFO   |         check_value: 0
[2024-11-20T03:48:54.767+0000] {process_utils.py:190} INFO - INFO   |       Transaction IDs cannot be null [include/soda/tables/labeled_transactions.yml] [PASSED]
[2024-11-20T03:48:54.767+0000] {process_utils.py:190} INFO - INFO   |         check_value: 0
[2024-11-20T03:48:54.768+0000] {process_utils.py:190} INFO - INFO   |       Is fraudulent values cannot be null [include/soda/tables/labeled_transactions.yml] [PASSED]
[2024-11-20T03:48:54.768+0000] {process_utils.py:190} INFO - INFO   |         check_value: 0
[2024-11-20T03:48:54.768+0000] {process_utils.py:190} INFO - INFO   |     customer_transactions in staging
[2024-11-20T03:48:54.769+0000] {process_utils.py:190} INFO - INFO   |       Table is empty [include/soda/tables/customer_transactions.yml] [PASSED]
[2024-11-20T03:48:54.769+0000] {process_utils.py:190} INFO - INFO   |         check_value: 980
[2024-11-20T03:48:54.769+0000] {process_utils.py:190} INFO - INFO   |       Schema Check [include/soda/tables/customer_transactions.yml] [PASSED]
[2024-11-20T03:48:54.770+0000] {process_utils.py:190} INFO - INFO   |         schema_measured = [_AIRBYTE_RAW_ID TEXT, _AIRBYTE_EXTRACTED_AT TIMESTAMP_TZ, _AIRBYTE_META VARIANT, AMOUNT FLOAT, USER_ID NUMBER, TRANSACTION_ID NUMBER, TRANSACTION_DATE TEXT, _AB_SOURCE_FILE_URL TEXT, _AB_SOURCE_FILE_LAST_MODIFIED TEXT]
[2024-11-20T03:48:54.770+0000] {process_utils.py:190} INFO - INFO   |       Duplicate transaction ids [include/soda/tables/customer_transactions.yml] [PASSED]
[2024-11-20T03:48:54.770+0000] {process_utils.py:190} INFO - INFO   |         check_value: 0
[2024-11-20T03:48:54.771+0000] {process_utils.py:190} INFO - INFO   |       Transactions ids cannot be null [include/soda/tables/customer_transactions.yml] [PASSED]
[2024-11-20T03:48:54.771+0000] {process_utils.py:190} INFO - INFO   |         check_value: 0
[2024-11-20T03:48:54.771+0000] {process_utils.py:190} INFO - INFO   |       User ids cannot be null [include/soda/tables/customer_transactions.yml] [PASSED]
[2024-11-20T03:48:54.772+0000] {process_utils.py:190} INFO - INFO   |         check_value: 0
[2024-11-20T03:48:54.772+0000] {process_utils.py:190} INFO - INFO   |       Transactions dates cannot be null [include/soda/tables/customer_transactions.yml] [PASSED]
[2024-11-20T03:48:54.772+0000] {process_utils.py:190} INFO - INFO   |         check_value: 0
[2024-11-20T03:48:54.772+0000] {process_utils.py:190} INFO - INFO   |       Amounts cannot be null [include/soda/tables/customer_transactions.yml] [PASSED]
[2024-11-20T03:48:54.773+0000] {process_utils.py:190} INFO - INFO   |         check_value: 0
[2024-11-20T03:48:54.773+0000] {process_utils.py:190} INFO - INFO   | All is good. No failures. No warnings. No errors.
[2024-11-20T03:48:55.092+0000] {python.py:202} INFO - Done. Returned value was: None
[2024-11-20T03:48:55.102+0000] {taskinstance.py:1149} INFO - Marking task as SUCCESS. dag_id=customer_metrics, task_id=audit_labeled_transactions, execution_date=20241120T034711, start_date=20241120T034848, end_date=20241120T034855
[2024-11-20T03:48:55.151+0000] {local_task_job_runner.py:234} INFO - Task exited with return code 0
[2024-11-20T03:48:55.174+0000] {taskinstance.py:3309} INFO - 1 downstream tasks scheduled from follow-on schedule check
