[2024-11-19T09:50:13.197+0000] {taskinstance.py:1979} INFO - Dependencies all met for dep_context=non-requeueable deps ti=<TaskInstance: customer_metrics.load_labeled_transactions_raw manual__2024-11-19T09:50:03.288534+00:00 [queued]>
[2024-11-19T09:50:13.205+0000] {taskinstance.py:1979} INFO - Dependencies all met for dep_context=requeueable deps ti=<TaskInstance: customer_metrics.load_labeled_transactions_raw manual__2024-11-19T09:50:03.288534+00:00 [queued]>
[2024-11-19T09:50:13.206+0000] {taskinstance.py:2193} INFO - Starting attempt 1 of 1
[2024-11-19T09:50:13.220+0000] {taskinstance.py:2214} INFO - Executing <Task(AirbyteTriggerSyncOperator): load_labeled_transactions_raw> on 2024-11-19 09:50:03.288534+00:00
[2024-11-19T09:50:13.233+0000] {standard_task_runner.py:60} INFO - Started process 5442 to run task
[2024-11-19T09:50:13.235+0000] {standard_task_runner.py:87} INFO - Running: ['airflow', 'tasks', 'run', 'customer_metrics', 'load_labeled_transactions_raw', 'manual__2024-11-19T09:50:03.288534+00:00', '--job-id', '71', '--raw', '--subdir', 'DAGS_FOLDER/customer_metrics.py', '--cfg-path', '/tmp/tmp6tzgz62b']
[2024-11-19T09:50:13.237+0000] {standard_task_runner.py:88} INFO - Job 71: Subtask load_labeled_transactions_raw
[2024-11-19T09:50:13.283+0000] {task_command.py:423} INFO - Running <TaskInstance: customer_metrics.load_labeled_transactions_raw manual__2024-11-19T09:50:03.288534+00:00 [running]> on host 4cf1ca1acf00
[2024-11-19T09:50:13.357+0000] {taskinstance.py:2510} INFO - Exporting env vars: AIRFLOW_CTX_DAG_OWNER='airflow' AIRFLOW_CTX_DAG_ID='customer_metrics' AIRFLOW_CTX_TASK_ID='load_labeled_transactions_raw' AIRFLOW_CTX_EXECUTION_DATE='2024-11-19T09:50:03.288534+00:00' AIRFLOW_CTX_TRY_NUMBER='1' AIRFLOW_CTX_DAG_RUN_ID='manual__2024-11-19T09:50:03.288534+00:00'
[2024-11-19T09:50:13.367+0000] {base.py:83} INFO - Using connection ID 'airbyte' for task execution.
[2024-11-19T09:50:13.771+0000] {airbyte.py:86} INFO - Job 22 was submitted to Airbyte Server
[2024-11-19T09:50:13.771+0000] {airbyte.py:88} INFO - Waiting for job 22 to complete
[2024-11-19T09:50:16.789+0000] {base.py:83} INFO - Using connection ID 'airbyte' for task execution.
[2024-11-19T09:50:19.811+0000] {base.py:83} INFO - Using connection ID 'airbyte' for task execution.
[2024-11-19T09:50:22.834+0000] {base.py:83} INFO - Using connection ID 'airbyte' for task execution.
[2024-11-19T09:50:25.852+0000] {base.py:83} INFO - Using connection ID 'airbyte' for task execution.
[2024-11-19T09:50:25.863+0000] {airbyte.py:112} INFO - Job 22 completed successfully
[2024-11-19T09:50:25.890+0000] {taskinstance.py:1149} INFO - Marking task as SUCCESS. dag_id=customer_metrics, task_id=load_labeled_transactions_raw, execution_date=20241119T095003, start_date=20241119T095013, end_date=20241119T095025
[2024-11-19T09:50:25.908+0000] {local_task_job_runner.py:234} INFO - Task exited with return code 0
[2024-11-19T09:50:25.932+0000] {taskinstance.py:3309} INFO - 1 downstream tasks scheduled from follow-on schedule check
