[2024-11-20T03:17:23.947+0000] {taskinstance.py:1979} INFO - Dependencies all met for dep_context=non-requeueable deps ti=<TaskInstance: customer_metrics.load_labeled_transactions_raw manual__2024-11-20T03:17:14.554825+00:00 [queued]>
[2024-11-20T03:17:23.955+0000] {taskinstance.py:1979} INFO - Dependencies all met for dep_context=requeueable deps ti=<TaskInstance: customer_metrics.load_labeled_transactions_raw manual__2024-11-20T03:17:14.554825+00:00 [queued]>
[2024-11-20T03:17:23.956+0000] {taskinstance.py:2193} INFO - Starting attempt 1 of 1
[2024-11-20T03:17:23.980+0000] {taskinstance.py:2214} INFO - Executing <Task(AirbyteTriggerSyncOperator): load_labeled_transactions_raw> on 2024-11-20 03:17:14.554825+00:00
[2024-11-20T03:17:23.985+0000] {standard_task_runner.py:60} INFO - Started process 9639 to run task
[2024-11-20T03:17:23.987+0000] {standard_task_runner.py:87} INFO - Running: ['airflow', 'tasks', 'run', 'customer_metrics', 'load_labeled_transactions_raw', 'manual__2024-11-20T03:17:14.554825+00:00', '--job-id', '104', '--raw', '--subdir', 'DAGS_FOLDER/customer_metrics.py', '--cfg-path', '/tmp/tmpi7tn54dj']
[2024-11-20T03:17:23.988+0000] {standard_task_runner.py:88} INFO - Job 104: Subtask load_labeled_transactions_raw
[2024-11-20T03:17:24.031+0000] {task_command.py:423} INFO - Running <TaskInstance: customer_metrics.load_labeled_transactions_raw manual__2024-11-20T03:17:14.554825+00:00 [running]> on host 4cf1ca1acf00
[2024-11-20T03:17:24.104+0000] {taskinstance.py:2510} INFO - Exporting env vars: AIRFLOW_CTX_DAG_OWNER='airflow' AIRFLOW_CTX_DAG_ID='customer_metrics' AIRFLOW_CTX_TASK_ID='load_labeled_transactions_raw' AIRFLOW_CTX_EXECUTION_DATE='2024-11-20T03:17:14.554825+00:00' AIRFLOW_CTX_TRY_NUMBER='1' AIRFLOW_CTX_DAG_RUN_ID='manual__2024-11-20T03:17:14.554825+00:00'
[2024-11-20T03:17:24.113+0000] {base.py:83} INFO - Using connection ID 'airbyte' for task execution.
[2024-11-20T03:17:24.575+0000] {airbyte.py:86} INFO - Job 40 was submitted to Airbyte Server
[2024-11-20T03:17:24.576+0000] {airbyte.py:88} INFO - Waiting for job 40 to complete
[2024-11-20T03:17:27.597+0000] {base.py:83} INFO - Using connection ID 'airbyte' for task execution.
[2024-11-20T03:17:30.649+0000] {base.py:83} INFO - Using connection ID 'airbyte' for task execution.
[2024-11-20T03:17:33.670+0000] {base.py:83} INFO - Using connection ID 'airbyte' for task execution.
[2024-11-20T03:17:36.685+0000] {base.py:83} INFO - Using connection ID 'airbyte' for task execution.
[2024-11-20T03:17:36.695+0000] {airbyte.py:112} INFO - Job 40 completed successfully
[2024-11-20T03:17:36.721+0000] {taskinstance.py:1149} INFO - Marking task as SUCCESS. dag_id=customer_metrics, task_id=load_labeled_transactions_raw, execution_date=20241120T031714, start_date=20241120T031723, end_date=20241120T031736
[2024-11-20T03:17:36.749+0000] {local_task_job_runner.py:234} INFO - Task exited with return code 0
[2024-11-20T03:17:36.781+0000] {taskinstance.py:3309} INFO - 1 downstream tasks scheduled from follow-on schedule check
