[2024-11-20T03:23:40.881+0000] {taskinstance.py:1979} INFO - Dependencies all met for dep_context=non-requeueable deps ti=<TaskInstance: customer_metrics.write_to_staging manual__2024-11-20T03:23:08.473931+00:00 [queued]>
[2024-11-20T03:23:40.891+0000] {taskinstance.py:1979} INFO - Dependencies all met for dep_context=requeueable deps ti=<TaskInstance: customer_metrics.write_to_staging manual__2024-11-20T03:23:08.473931+00:00 [queued]>
[2024-11-20T03:23:40.892+0000] {taskinstance.py:2193} INFO - Starting attempt 1 of 1
[2024-11-20T03:23:40.910+0000] {taskinstance.py:2214} INFO - Executing <Task(AirbyteTriggerSyncOperator): write_to_staging> on 2024-11-20 03:23:08.473931+00:00
[2024-11-20T03:23:40.922+0000] {standard_task_runner.py:60} INFO - Started process 10282 to run task
[2024-11-20T03:23:40.926+0000] {standard_task_runner.py:87} INFO - Running: ['airflow', 'tasks', 'run', 'customer_metrics', 'write_to_staging', 'manual__2024-11-20T03:23:08.473931+00:00', '--job-id', '110', '--raw', '--subdir', 'DAGS_FOLDER/customer_metrics.py', '--cfg-path', '/tmp/tmpvujwkgbq']
[2024-11-20T03:23:40.928+0000] {standard_task_runner.py:88} INFO - Job 110: Subtask write_to_staging
[2024-11-20T03:23:40.986+0000] {task_command.py:423} INFO - Running <TaskInstance: customer_metrics.write_to_staging manual__2024-11-20T03:23:08.473931+00:00 [running]> on host 4cf1ca1acf00
[2024-11-20T03:23:41.084+0000] {taskinstance.py:2510} INFO - Exporting env vars: AIRFLOW_CTX_DAG_OWNER='airflow' AIRFLOW_CTX_DAG_ID='customer_metrics' AIRFLOW_CTX_TASK_ID='write_to_staging' AIRFLOW_CTX_EXECUTION_DATE='2024-11-20T03:23:08.473931+00:00' AIRFLOW_CTX_TRY_NUMBER='1' AIRFLOW_CTX_DAG_RUN_ID='manual__2024-11-20T03:23:08.473931+00:00'
[2024-11-20T03:23:41.097+0000] {base.py:83} INFO - Using connection ID 'airbyte' for task execution.
[2024-11-20T03:23:41.483+0000] {airbyte.py:86} INFO - Job 44 was submitted to Airbyte Server
[2024-11-20T03:23:41.484+0000] {airbyte.py:88} INFO - Waiting for job 44 to complete
[2024-11-20T03:23:44.498+0000] {base.py:83} INFO - Using connection ID 'airbyte' for task execution.
[2024-11-20T03:23:47.526+0000] {base.py:83} INFO - Using connection ID 'airbyte' for task execution.
[2024-11-20T03:23:50.548+0000] {base.py:83} INFO - Using connection ID 'airbyte' for task execution.
[2024-11-20T03:23:53.571+0000] {base.py:83} INFO - Using connection ID 'airbyte' for task execution.
[2024-11-20T03:23:56.588+0000] {base.py:83} INFO - Using connection ID 'airbyte' for task execution.
[2024-11-20T03:23:59.606+0000] {base.py:83} INFO - Using connection ID 'airbyte' for task execution.
[2024-11-20T03:24:02.629+0000] {base.py:83} INFO - Using connection ID 'airbyte' for task execution.
[2024-11-20T03:24:05.673+0000] {base.py:83} INFO - Using connection ID 'airbyte' for task execution.
[2024-11-20T03:24:08.700+0000] {base.py:83} INFO - Using connection ID 'airbyte' for task execution.
[2024-11-20T03:24:11.727+0000] {base.py:83} INFO - Using connection ID 'airbyte' for task execution.
[2024-11-20T03:24:14.746+0000] {base.py:83} INFO - Using connection ID 'airbyte' for task execution.
[2024-11-20T03:24:14.756+0000] {airbyte.py:112} INFO - Job 44 completed successfully
[2024-11-20T03:24:14.778+0000] {taskinstance.py:1149} INFO - Marking task as SUCCESS. dag_id=customer_metrics, task_id=write_to_staging, execution_date=20241120T032308, start_date=20241120T032340, end_date=20241120T032414
[2024-11-20T03:24:14.835+0000] {local_task_job_runner.py:234} INFO - Task exited with return code 0
[2024-11-20T03:24:14.881+0000] {taskinstance.py:3309} INFO - 0 downstream tasks scheduled from follow-on schedule check
