[2024-11-20T01:43:19.635+0000] {taskinstance.py:1979} INFO - Dependencies all met for dep_context=non-requeueable deps ti=<TaskInstance: customer_metrics.load_customer_transactions_raw manual__2024-11-20T01:43:10.344013+00:00 [queued]>
[2024-11-20T01:43:19.642+0000] {taskinstance.py:1979} INFO - Dependencies all met for dep_context=requeueable deps ti=<TaskInstance: customer_metrics.load_customer_transactions_raw manual__2024-11-20T01:43:10.344013+00:00 [queued]>
[2024-11-20T01:43:19.643+0000] {taskinstance.py:2193} INFO - Starting attempt 1 of 1
[2024-11-20T01:43:19.656+0000] {taskinstance.py:2214} INFO - Executing <Task(AirbyteTriggerSyncOperator): load_customer_transactions_raw> on 2024-11-20 01:43:10.344013+00:00
[2024-11-20T01:43:19.661+0000] {standard_task_runner.py:60} INFO - Started process 2149 to run task
[2024-11-20T01:43:19.663+0000] {standard_task_runner.py:87} INFO - Running: ['airflow', 'tasks', 'run', 'customer_metrics', 'load_customer_transactions_raw', 'manual__2024-11-20T01:43:10.344013+00:00', '--job-id', '90', '--raw', '--subdir', 'DAGS_FOLDER/customer_metrics.py', '--cfg-path', '/tmp/tmpf8q_h022']
[2024-11-20T01:43:19.665+0000] {standard_task_runner.py:88} INFO - Job 90: Subtask load_customer_transactions_raw
[2024-11-20T01:43:19.709+0000] {task_command.py:423} INFO - Running <TaskInstance: customer_metrics.load_customer_transactions_raw manual__2024-11-20T01:43:10.344013+00:00 [running]> on host 4cf1ca1acf00
[2024-11-20T01:43:19.789+0000] {taskinstance.py:2510} INFO - Exporting env vars: AIRFLOW_CTX_DAG_OWNER='airflow' AIRFLOW_CTX_DAG_ID='customer_metrics' AIRFLOW_CTX_TASK_ID='load_customer_transactions_raw' AIRFLOW_CTX_EXECUTION_DATE='2024-11-20T01:43:10.344013+00:00' AIRFLOW_CTX_TRY_NUMBER='1' AIRFLOW_CTX_DAG_RUN_ID='manual__2024-11-20T01:43:10.344013+00:00'
[2024-11-20T01:43:19.797+0000] {base.py:83} INFO - Using connection ID 'airbyte' for task execution.
[2024-11-20T01:43:20.217+0000] {airbyte.py:86} INFO - Job 32 was submitted to Airbyte Server
[2024-11-20T01:43:20.217+0000] {airbyte.py:88} INFO - Waiting for job 32 to complete
[2024-11-20T01:43:23.237+0000] {base.py:83} INFO - Using connection ID 'airbyte' for task execution.
[2024-11-20T01:43:26.295+0000] {base.py:83} INFO - Using connection ID 'airbyte' for task execution.
[2024-11-20T01:43:29.356+0000] {base.py:83} INFO - Using connection ID 'airbyte' for task execution.
[2024-11-20T01:43:32.373+0000] {base.py:83} INFO - Using connection ID 'airbyte' for task execution.
[2024-11-20T01:43:32.384+0000] {airbyte.py:112} INFO - Job 32 completed successfully
[2024-11-20T01:43:32.405+0000] {taskinstance.py:1149} INFO - Marking task as SUCCESS. dag_id=customer_metrics, task_id=load_customer_transactions_raw, execution_date=20241120T014310, start_date=20241120T014319, end_date=20241120T014332
[2024-11-20T01:43:32.432+0000] {local_task_job_runner.py:234} INFO - Task exited with return code 0
[2024-11-20T01:43:32.473+0000] {taskinstance.py:3309} INFO - 0 downstream tasks scheduled from follow-on schedule check
