[2024-11-20T03:23:17.823+0000] {taskinstance.py:1979} INFO - Dependencies all met for dep_context=non-requeueable deps ti=<TaskInstance: customer_metrics.load_customer_transactions_raw manual__2024-11-20T03:23:08.473931+00:00 [queued]>
[2024-11-20T03:23:17.830+0000] {taskinstance.py:1979} INFO - Dependencies all met for dep_context=requeueable deps ti=<TaskInstance: customer_metrics.load_customer_transactions_raw manual__2024-11-20T03:23:08.473931+00:00 [queued]>
[2024-11-20T03:23:17.831+0000] {taskinstance.py:2193} INFO - Starting attempt 1 of 1
[2024-11-20T03:23:17.843+0000] {taskinstance.py:2214} INFO - Executing <Task(AirbyteTriggerSyncOperator): load_customer_transactions_raw> on 2024-11-20 03:23:08.473931+00:00
[2024-11-20T03:23:17.848+0000] {standard_task_runner.py:60} INFO - Started process 10234 to run task
[2024-11-20T03:23:17.850+0000] {standard_task_runner.py:87} INFO - Running: ['airflow', 'tasks', 'run', 'customer_metrics', 'load_customer_transactions_raw', 'manual__2024-11-20T03:23:08.473931+00:00', '--job-id', '108', '--raw', '--subdir', 'DAGS_FOLDER/customer_metrics.py', '--cfg-path', '/tmp/tmpa930jyd9']
[2024-11-20T03:23:17.851+0000] {standard_task_runner.py:88} INFO - Job 108: Subtask load_customer_transactions_raw
[2024-11-20T03:23:17.894+0000] {task_command.py:423} INFO - Running <TaskInstance: customer_metrics.load_customer_transactions_raw manual__2024-11-20T03:23:08.473931+00:00 [running]> on host 4cf1ca1acf00
[2024-11-20T03:23:17.966+0000] {taskinstance.py:2510} INFO - Exporting env vars: AIRFLOW_CTX_DAG_OWNER='airflow' AIRFLOW_CTX_DAG_ID='customer_metrics' AIRFLOW_CTX_TASK_ID='load_customer_transactions_raw' AIRFLOW_CTX_EXECUTION_DATE='2024-11-20T03:23:08.473931+00:00' AIRFLOW_CTX_TRY_NUMBER='1' AIRFLOW_CTX_DAG_RUN_ID='manual__2024-11-20T03:23:08.473931+00:00'
[2024-11-20T03:23:17.975+0000] {base.py:83} INFO - Using connection ID 'airbyte' for task execution.
[2024-11-20T03:23:18.316+0000] {airbyte.py:86} INFO - Job 42 was submitted to Airbyte Server
[2024-11-20T03:23:18.317+0000] {airbyte.py:88} INFO - Waiting for job 42 to complete
[2024-11-20T03:23:21.334+0000] {base.py:83} INFO - Using connection ID 'airbyte' for task execution.
[2024-11-20T03:23:24.375+0000] {base.py:83} INFO - Using connection ID 'airbyte' for task execution.
[2024-11-20T03:23:27.397+0000] {base.py:83} INFO - Using connection ID 'airbyte' for task execution.
[2024-11-20T03:23:30.418+0000] {base.py:83} INFO - Using connection ID 'airbyte' for task execution.
[2024-11-20T03:23:30.433+0000] {airbyte.py:112} INFO - Job 42 completed successfully
[2024-11-20T03:23:30.472+0000] {taskinstance.py:1149} INFO - Marking task as SUCCESS. dag_id=customer_metrics, task_id=load_customer_transactions_raw, execution_date=20241120T032308, start_date=20241120T032317, end_date=20241120T032330
[2024-11-20T03:23:30.500+0000] {local_task_job_runner.py:234} INFO - Task exited with return code 0
[2024-11-20T03:23:30.542+0000] {taskinstance.py:3309} INFO - 1 downstream tasks scheduled from follow-on schedule check
