[2024-11-20T03:49:14.000+0000] {taskinstance.py:1979} INFO - Dependencies all met for dep_context=non-requeueable deps ti=<TaskInstance: customer_metrics.publish.labeled_transaction_run manual__2024-11-20T03:47:11.945088+00:00 [queued]>
[2024-11-20T03:49:14.009+0000] {taskinstance.py:1979} INFO - Dependencies all met for dep_context=requeueable deps ti=<TaskInstance: customer_metrics.publish.labeled_transaction_run manual__2024-11-20T03:47:11.945088+00:00 [queued]>
[2024-11-20T03:49:14.010+0000] {taskinstance.py:2193} INFO - Starting attempt 1 of 1
[2024-11-20T03:49:14.022+0000] {taskinstance.py:2214} INFO - Executing <Task(DbtRunLocalOperator): publish.labeled_transaction_run> on 2024-11-20 03:47:11.945088+00:00
[2024-11-20T03:49:14.027+0000] {standard_task_runner.py:60} INFO - Started process 12899 to run task
[2024-11-20T03:49:14.030+0000] {standard_task_runner.py:87} INFO - Running: ['airflow', 'tasks', 'run', 'customer_metrics', 'publish.labeled_transaction_run', 'manual__2024-11-20T03:47:11.945088+00:00', '--job-id', '126', '--raw', '--subdir', 'DAGS_FOLDER/customer_metrics.py', '--cfg-path', '/tmp/tmp0ku_9vpc']
[2024-11-20T03:49:14.032+0000] {standard_task_runner.py:88} INFO - Job 126: Subtask publish.labeled_transaction_run
[2024-11-20T03:49:14.082+0000] {task_command.py:423} INFO - Running <TaskInstance: customer_metrics.publish.labeled_transaction_run manual__2024-11-20T03:47:11.945088+00:00 [running]> on host 4cf1ca1acf00
[2024-11-20T03:49:14.170+0000] {taskinstance.py:2510} INFO - Exporting env vars: AIRFLOW_CTX_DAG_OWNER='airflow' AIRFLOW_CTX_DAG_ID='customer_metrics' AIRFLOW_CTX_TASK_ID='publish.labeled_transaction_run' AIRFLOW_CTX_EXECUTION_DATE='2024-11-20T03:47:11.945088+00:00' AIRFLOW_CTX_TRY_NUMBER='1' AIRFLOW_CTX_DAG_RUN_ID='manual__2024-11-20T03:47:11.945088+00:00'
[2024-11-20T03:49:14.171+0000] {local.py:202} INFO - Cloning project to writable temp directory /tmp/tmpkd6i61k_ from /opt/airflow/include/dbt/fraud
[2024-11-20T03:49:14.174+0000] {config.py:253} INFO - Using user-supplied profiles.yml at /opt/airflow/include/dbt/fraud/profiles.yml
[2024-11-20T03:49:14.174+0000] {local.py:235} INFO - Trying to run the command:
 ['/home/airflow/.local/bin/dbt', 'run', '--models', 'labeled_transaction', '--profiles-dir', '/opt/airflow/include/dbt/fraud', '--profile', 'fraud', '--target', 'dev']
From /tmp/tmpkd6i61k_
[2024-11-20T03:49:14.175+0000] {local.py:236} INFO - Using environment variables keys: dict_keys(['AIRFLOW_CTX_DAG_OWNER', 'AIRFLOW_CTX_DAG_ID', 'AIRFLOW_CTX_TASK_ID', 'AIRFLOW_CTX_EXECUTION_DATE', 'AIRFLOW_CTX_TRY_NUMBER', 'AIRFLOW_CTX_DAG_RUN_ID'])
[2024-11-20T03:49:14.176+0000] {subprocess.py:60} INFO - Tmp dir root location: 
 /tmp
[2024-11-20T03:49:14.176+0000] {subprocess.py:73} INFO - Running command: ['/home/airflow/.local/bin/dbt', 'run', '--models', 'labeled_transaction', '--profiles-dir', '/opt/airflow/include/dbt/fraud', '--profile', 'fraud', '--target', 'dev']
[2024-11-20T03:49:14.185+0000] {subprocess.py:84} INFO - Command output:
[2024-11-20T03:49:15.804+0000] {subprocess.py:94} INFO - [0m03:49:15  Running with dbt=1.8.7
[2024-11-20T03:49:16.857+0000] {subprocess.py:94} INFO - [0m03:49:16  Registered adapter: snowflake=1.8.4
[2024-11-20T03:49:16.893+0000] {subprocess.py:94} INFO - [0m03:49:16  Unable to do partial parsing because saved manifest not found. Starting full parse.
[2024-11-20T03:49:18.517+0000] {subprocess.py:94} INFO - [0m03:49:18  Found 3 models, 454 macros
[2024-11-20T03:49:18.518+0000] {subprocess.py:94} INFO - [0m03:49:18
[2024-11-20T03:49:22.264+0000] {subprocess.py:94} INFO - [0m03:49:22  Concurrency: 1 threads (target='dev')
[2024-11-20T03:49:22.265+0000] {subprocess.py:94} INFO - [0m03:49:22
[2024-11-20T03:49:22.271+0000] {subprocess.py:94} INFO - [0m03:49:22  1 of 1 START sql table model AIRBYTE_SCHEMA.labeled_transaction ................ [RUN]
[2024-11-20T03:49:24.650+0000] {subprocess.py:94} INFO - [0m03:49:24  1 of 1 OK created sql table model AIRBYTE_SCHEMA.labeled_transaction ........... [[32mSUCCESS 1[0m in 2.38s]
[2024-11-20T03:49:24.653+0000] {subprocess.py:94} INFO - [0m03:49:24
[2024-11-20T03:49:24.654+0000] {subprocess.py:94} INFO - [0m03:49:24  Finished running 1 table model in 0 hours 0 minutes and 6.13 seconds (6.13s).
[2024-11-20T03:49:24.688+0000] {subprocess.py:94} INFO - [0m03:49:24
[2024-11-20T03:49:24.689+0000] {subprocess.py:94} INFO - [0m03:49:24  [32mCompleted successfully[0m
[2024-11-20T03:49:24.690+0000] {subprocess.py:94} INFO - [0m03:49:24
[2024-11-20T03:49:24.690+0000] {subprocess.py:94} INFO - [0m03:49:24  Done. PASS=1 WARN=0 ERROR=0 SKIP=0 TOTAL=1
[2024-11-20T03:49:25.862+0000] {subprocess.py:98} INFO - Command exited with return code 0
[2024-11-20T03:49:25.873+0000] {local.py:138} WARNING - Artifact schema version: https://schemas.getdbt.com/dbt/manifest/v12.json is above dbt-ol supported version 7. This might cause errors.
[2024-11-20T03:49:25.874+0000] {local.py:138} WARNING - Artifact schema version: https://schemas.getdbt.com/dbt/run-results/v6.json is above dbt-ol supported version 5. This might cause errors.
[2024-11-20T03:49:25.880+0000] {local.py:252} INFO - Inlets: []
[2024-11-20T03:49:25.880+0000] {local.py:253} INFO - Outlets: [Dataset(uri='snowflake://qab09154.us-east-1.aws/AIRBYTE_DATABASE.AIRBYTE_SCHEMA.labeled_transaction', extra=None)]
[2024-11-20T03:49:25.881+0000] {dag.py:3047} INFO - Sync 1 DAGs
[2024-11-20T03:49:25.904+0000] {dag.py:3834} INFO - Setting next_dagrun for customer_metrics to 2024-11-20 00:00:00+00:00, run_after=2024-11-21 00:00:00+00:00
[2024-11-20T03:49:25.931+0000] {local.py:371} INFO - [0m03:49:24  Done. PASS=1 WARN=0 ERROR=0 SKIP=0 TOTAL=1
[2024-11-20T03:49:25.936+0000] {logging_mixin.py:188} WARNING - /home/airflow/.local/lib/python3.8/site-packages/airflow/models/baseoperator.py:1469 RemovedInAirflow3Warning: Passing 'execution_date' to 'TaskInstance.xcom_push()' is deprecated.
[2024-11-20T03:49:25.956+0000] {taskinstance.py:1149} INFO - Marking task as SUCCESS. dag_id=customer_metrics, task_id=publish.labeled_transaction_run, execution_date=20241120T034711, start_date=20241120T034914, end_date=20241120T034925
[2024-11-20T03:49:25.990+0000] {local_task_job_runner.py:234} INFO - Task exited with return code 0
[2024-11-20T03:49:26.003+0000] {taskinstance.py:3309} INFO - 0 downstream tasks scheduled from follow-on schedule check
