[2024-11-19T09:50:34.584+0000] {taskinstance.py:1979} INFO - Dependencies all met for dep_context=non-requeueable deps ti=<TaskInstance: customer_metrics.write_to_staging manual__2024-11-19T09:50:03.288534+00:00 [queued]>
[2024-11-19T09:50:34.591+0000] {taskinstance.py:1979} INFO - Dependencies all met for dep_context=requeueable deps ti=<TaskInstance: customer_metrics.write_to_staging manual__2024-11-19T09:50:03.288534+00:00 [queued]>
[2024-11-19T09:50:34.592+0000] {taskinstance.py:2193} INFO - Starting attempt 1 of 1
[2024-11-19T09:50:34.605+0000] {taskinstance.py:2214} INFO - Executing <Task(AirbyteTriggerSyncOperator): write_to_staging> on 2024-11-19 09:50:03.288534+00:00
[2024-11-19T09:50:34.610+0000] {standard_task_runner.py:60} INFO - Started process 5513 to run task
[2024-11-19T09:50:34.612+0000] {standard_task_runner.py:87} INFO - Running: ['airflow', 'tasks', 'run', 'customer_metrics', 'write_to_staging', 'manual__2024-11-19T09:50:03.288534+00:00', '--job-id', '73', '--raw', '--subdir', 'DAGS_FOLDER/customer_metrics.py', '--cfg-path', '/tmp/tmpaogpu4s3']
[2024-11-19T09:50:34.614+0000] {standard_task_runner.py:88} INFO - Job 73: Subtask write_to_staging
[2024-11-19T09:50:34.654+0000] {task_command.py:423} INFO - Running <TaskInstance: customer_metrics.write_to_staging manual__2024-11-19T09:50:03.288534+00:00 [running]> on host 4cf1ca1acf00
[2024-11-19T09:50:34.723+0000] {taskinstance.py:2510} INFO - Exporting env vars: AIRFLOW_CTX_DAG_OWNER='airflow' AIRFLOW_CTX_DAG_ID='customer_metrics' AIRFLOW_CTX_TASK_ID='write_to_staging' AIRFLOW_CTX_EXECUTION_DATE='2024-11-19T09:50:03.288534+00:00' AIRFLOW_CTX_TRY_NUMBER='1' AIRFLOW_CTX_DAG_RUN_ID='manual__2024-11-19T09:50:03.288534+00:00'
[2024-11-19T09:50:34.733+0000] {base.py:83} INFO - Using connection ID 'airbyte' for task execution.
[2024-11-19T09:50:35.041+0000] {airbyte.py:86} INFO - Job 24 was submitted to Airbyte Server
[2024-11-19T09:50:35.042+0000] {airbyte.py:88} INFO - Waiting for job 24 to complete
[2024-11-19T09:50:38.055+0000] {base.py:83} INFO - Using connection ID 'airbyte' for task execution.
[2024-11-19T09:50:41.078+0000] {base.py:83} INFO - Using connection ID 'airbyte' for task execution.
[2024-11-19T09:50:44.095+0000] {base.py:83} INFO - Using connection ID 'airbyte' for task execution.
[2024-11-19T09:50:47.115+0000] {base.py:83} INFO - Using connection ID 'airbyte' for task execution.
[2024-11-19T09:50:50.129+0000] {base.py:83} INFO - Using connection ID 'airbyte' for task execution.
[2024-11-19T09:50:53.146+0000] {base.py:83} INFO - Using connection ID 'airbyte' for task execution.
[2024-11-19T09:50:56.167+0000] {base.py:83} INFO - Using connection ID 'airbyte' for task execution.
[2024-11-19T09:50:59.191+0000] {base.py:83} INFO - Using connection ID 'airbyte' for task execution.
[2024-11-19T09:51:02.211+0000] {base.py:83} INFO - Using connection ID 'airbyte' for task execution.
[2024-11-19T09:51:05.235+0000] {base.py:83} INFO - Using connection ID 'airbyte' for task execution.
[2024-11-19T09:51:08.253+0000] {base.py:83} INFO - Using connection ID 'airbyte' for task execution.
[2024-11-19T09:51:08.264+0000] {airbyte.py:112} INFO - Job 24 completed successfully
[2024-11-19T09:51:08.290+0000] {taskinstance.py:1149} INFO - Marking task as SUCCESS. dag_id=customer_metrics, task_id=write_to_staging, execution_date=20241119T095003, start_date=20241119T095034, end_date=20241119T095108
[2024-11-19T09:51:08.349+0000] {local_task_job_runner.py:234} INFO - Task exited with return code 0
[2024-11-19T09:51:08.383+0000] {taskinstance.py:3309} INFO - 0 downstream tasks scheduled from follow-on schedule check
