[2024-11-20T03:08:45.846+0000] {taskinstance.py:1979} INFO - Dependencies all met for dep_context=non-requeueable deps ti=<TaskInstance: customer_metrics.load_labeled_transactions_raw manual__2024-11-20T03:08:35.870567+00:00 [queued]>
[2024-11-20T03:08:45.856+0000] {taskinstance.py:1979} INFO - Dependencies all met for dep_context=requeueable deps ti=<TaskInstance: customer_metrics.load_labeled_transactions_raw manual__2024-11-20T03:08:35.870567+00:00 [queued]>
[2024-11-20T03:08:45.856+0000] {taskinstance.py:2193} INFO - Starting attempt 1 of 1
[2024-11-20T03:08:45.881+0000] {taskinstance.py:2214} INFO - Executing <Task(AirbyteTriggerSyncOperator): load_labeled_transactions_raw> on 2024-11-20 03:08:35.870567+00:00
[2024-11-20T03:08:45.894+0000] {standard_task_runner.py:60} INFO - Started process 8739 to run task
[2024-11-20T03:08:45.899+0000] {standard_task_runner.py:87} INFO - Running: ['airflow', 'tasks', 'run', 'customer_metrics', 'load_labeled_transactions_raw', 'manual__2024-11-20T03:08:35.870567+00:00', '--job-id', '96', '--raw', '--subdir', 'DAGS_FOLDER/customer_metrics.py', '--cfg-path', '/tmp/tmpodrqgbib']
[2024-11-20T03:08:45.900+0000] {standard_task_runner.py:88} INFO - Job 96: Subtask load_labeled_transactions_raw
[2024-11-20T03:08:45.946+0000] {task_command.py:423} INFO - Running <TaskInstance: customer_metrics.load_labeled_transactions_raw manual__2024-11-20T03:08:35.870567+00:00 [running]> on host 4cf1ca1acf00
[2024-11-20T03:08:46.020+0000] {taskinstance.py:2510} INFO - Exporting env vars: AIRFLOW_CTX_DAG_OWNER='airflow' AIRFLOW_CTX_DAG_ID='customer_metrics' AIRFLOW_CTX_TASK_ID='load_labeled_transactions_raw' AIRFLOW_CTX_EXECUTION_DATE='2024-11-20T03:08:35.870567+00:00' AIRFLOW_CTX_TRY_NUMBER='1' AIRFLOW_CTX_DAG_RUN_ID='manual__2024-11-20T03:08:35.870567+00:00'
[2024-11-20T03:08:46.030+0000] {base.py:83} INFO - Using connection ID 'airbyte' for task execution.
[2024-11-20T03:08:46.439+0000] {airbyte.py:86} INFO - Job 35 was submitted to Airbyte Server
[2024-11-20T03:08:46.440+0000] {airbyte.py:88} INFO - Waiting for job 35 to complete
[2024-11-20T03:08:49.454+0000] {base.py:83} INFO - Using connection ID 'airbyte' for task execution.
[2024-11-20T03:08:52.500+0000] {base.py:83} INFO - Using connection ID 'airbyte' for task execution.
[2024-11-20T03:08:55.523+0000] {base.py:83} INFO - Using connection ID 'airbyte' for task execution.
[2024-11-20T03:08:58.553+0000] {base.py:83} INFO - Using connection ID 'airbyte' for task execution.
[2024-11-20T03:08:58.566+0000] {airbyte.py:112} INFO - Job 35 completed successfully
[2024-11-20T03:08:58.600+0000] {taskinstance.py:1149} INFO - Marking task as SUCCESS. dag_id=customer_metrics, task_id=load_labeled_transactions_raw, execution_date=20241120T030835, start_date=20241120T030845, end_date=20241120T030858
[2024-11-20T03:08:58.637+0000] {local_task_job_runner.py:234} INFO - Task exited with return code 0
[2024-11-20T03:08:58.666+0000] {taskinstance.py:3309} INFO - 1 downstream tasks scheduled from follow-on schedule check
