[2024-11-20T01:43:41.259+0000] {taskinstance.py:1979} INFO - Dependencies all met for dep_context=non-requeueable deps ti=<TaskInstance: customer_metrics.write_to_staging manual__2024-11-20T01:43:10.344013+00:00 [queued]>
[2024-11-20T01:43:41.266+0000] {taskinstance.py:1979} INFO - Dependencies all met for dep_context=requeueable deps ti=<TaskInstance: customer_metrics.write_to_staging manual__2024-11-20T01:43:10.344013+00:00 [queued]>
[2024-11-20T01:43:41.266+0000] {taskinstance.py:2193} INFO - Starting attempt 1 of 1
[2024-11-20T01:43:41.278+0000] {taskinstance.py:2214} INFO - Executing <Task(AirbyteTriggerSyncOperator): write_to_staging> on 2024-11-20 01:43:10.344013+00:00
[2024-11-20T01:43:41.290+0000] {standard_task_runner.py:60} INFO - Started process 2187 to run task
[2024-11-20T01:43:41.293+0000] {standard_task_runner.py:87} INFO - Running: ['airflow', 'tasks', 'run', 'customer_metrics', 'write_to_staging', 'manual__2024-11-20T01:43:10.344013+00:00', '--job-id', '92', '--raw', '--subdir', 'DAGS_FOLDER/customer_metrics.py', '--cfg-path', '/tmp/tmpxreiif3t']
[2024-11-20T01:43:41.295+0000] {standard_task_runner.py:88} INFO - Job 92: Subtask write_to_staging
[2024-11-20T01:43:41.334+0000] {task_command.py:423} INFO - Running <TaskInstance: customer_metrics.write_to_staging manual__2024-11-20T01:43:10.344013+00:00 [running]> on host 4cf1ca1acf00
[2024-11-20T01:43:41.403+0000] {taskinstance.py:2510} INFO - Exporting env vars: AIRFLOW_CTX_DAG_OWNER='airflow' AIRFLOW_CTX_DAG_ID='customer_metrics' AIRFLOW_CTX_TASK_ID='write_to_staging' AIRFLOW_CTX_EXECUTION_DATE='2024-11-20T01:43:10.344013+00:00' AIRFLOW_CTX_TRY_NUMBER='1' AIRFLOW_CTX_DAG_RUN_ID='manual__2024-11-20T01:43:10.344013+00:00'
[2024-11-20T01:43:41.411+0000] {base.py:83} INFO - Using connection ID 'airbyte' for task execution.
[2024-11-20T01:43:41.704+0000] {airbyte.py:86} INFO - Job 33 was submitted to Airbyte Server
[2024-11-20T01:43:41.705+0000] {airbyte.py:88} INFO - Waiting for job 33 to complete
[2024-11-20T01:43:44.714+0000] {base.py:83} INFO - Using connection ID 'airbyte' for task execution.
[2024-11-20T01:43:47.736+0000] {base.py:83} INFO - Using connection ID 'airbyte' for task execution.
[2024-11-20T01:43:50.762+0000] {base.py:83} INFO - Using connection ID 'airbyte' for task execution.
[2024-11-20T01:43:53.786+0000] {base.py:83} INFO - Using connection ID 'airbyte' for task execution.
[2024-11-20T01:43:56.810+0000] {base.py:83} INFO - Using connection ID 'airbyte' for task execution.
[2024-11-20T01:43:59.833+0000] {base.py:83} INFO - Using connection ID 'airbyte' for task execution.
[2024-11-20T01:44:02.858+0000] {base.py:83} INFO - Using connection ID 'airbyte' for task execution.
[2024-11-20T01:44:05.882+0000] {base.py:83} INFO - Using connection ID 'airbyte' for task execution.
[2024-11-20T01:44:08.902+0000] {base.py:83} INFO - Using connection ID 'airbyte' for task execution.
[2024-11-20T01:44:11.919+0000] {base.py:83} INFO - Using connection ID 'airbyte' for task execution.
[2024-11-20T01:44:14.951+0000] {base.py:83} INFO - Using connection ID 'airbyte' for task execution.
[2024-11-20T01:44:14.967+0000] {airbyte.py:112} INFO - Job 33 completed successfully
[2024-11-20T01:44:14.987+0000] {taskinstance.py:1149} INFO - Marking task as SUCCESS. dag_id=customer_metrics, task_id=write_to_staging, execution_date=20241120T014310, start_date=20241120T014341, end_date=20241120T014414
[2024-11-20T01:44:15.043+0000] {local_task_job_runner.py:234} INFO - Task exited with return code 0
[2024-11-20T01:44:15.079+0000] {taskinstance.py:3309} INFO - 1 downstream tasks scheduled from follow-on schedule check
