[2024-11-20T03:24:33.328+0000] {taskinstance.py:1979} INFO - Dependencies all met for dep_context=non-requeueable deps ti=<TaskInstance: customer_metrics.audit_customer_transactions manual__2024-11-20T03:23:08.473931+00:00 [queued]>
[2024-11-20T03:24:33.335+0000] {taskinstance.py:1979} INFO - Dependencies all met for dep_context=requeueable deps ti=<TaskInstance: customer_metrics.audit_customer_transactions manual__2024-11-20T03:23:08.473931+00:00 [queued]>
[2024-11-20T03:24:33.336+0000] {taskinstance.py:2193} INFO - Starting attempt 1 of 1
[2024-11-20T03:24:33.347+0000] {taskinstance.py:2214} INFO - Executing <Task(_PythonExternalDecoratedOperator): audit_customer_transactions> on 2024-11-20 03:23:08.473931+00:00
[2024-11-20T03:24:33.359+0000] {standard_task_runner.py:60} INFO - Started process 10423 to run task
[2024-11-20T03:24:33.362+0000] {standard_task_runner.py:87} INFO - Running: ['airflow', 'tasks', 'run', 'customer_metrics', 'audit_customer_transactions', 'manual__2024-11-20T03:23:08.473931+00:00', '--job-id', '112', '--raw', '--subdir', 'DAGS_FOLDER/customer_metrics.py', '--cfg-path', '/tmp/tmpw6o4ldr2']
[2024-11-20T03:24:33.363+0000] {standard_task_runner.py:88} INFO - Job 112: Subtask audit_customer_transactions
[2024-11-20T03:24:33.404+0000] {task_command.py:423} INFO - Running <TaskInstance: customer_metrics.audit_customer_transactions manual__2024-11-20T03:23:08.473931+00:00 [running]> on host 4cf1ca1acf00
[2024-11-20T03:24:33.472+0000] {taskinstance.py:2510} INFO - Exporting env vars: AIRFLOW_CTX_DAG_OWNER='airflow' AIRFLOW_CTX_DAG_ID='customer_metrics' AIRFLOW_CTX_TASK_ID='audit_customer_transactions' AIRFLOW_CTX_EXECUTION_DATE='2024-11-20T03:23:08.473931+00:00' AIRFLOW_CTX_TRY_NUMBER='1' AIRFLOW_CTX_DAG_RUN_ID='manual__2024-11-20T03:23:08.473931+00:00'
[2024-11-20T03:24:33.502+0000] {python.py:913} WARNING - When checking for Airflow installed in virtual environment got Command '['/opt/airflow/soda_venv/bin/python', '-c', 'from airflow import __version__; print(__version__)']' returned non-zero exit status 1.
[2024-11-20T03:24:33.504+0000] {python.py:914} WARNING - This means that Airflow is not properly installed by  /opt/airflow/soda_venv/bin/python. Airflow context keys will not be available. Please Install Airflow 2.8.2 in your environment to access them.
[2024-11-20T03:24:33.550+0000] {process_utils.py:182} INFO - Executing cmd: /opt/airflow/soda_venv/bin/python /tmp/venv-callws3cs06p/script.py /tmp/venv-callws3cs06p/script.in /tmp/venv-callws3cs06p/script.out /tmp/venv-callws3cs06p/string_args.txt /tmp/venv-callws3cs06p/termination.log
[2024-11-20T03:24:33.557+0000] {process_utils.py:186} INFO - Output:
[2024-11-20T03:24:40.315+0000] {process_utils.py:190} INFO - Running Soda Scan ...
[2024-11-20T03:24:40.316+0000] {process_utils.py:190} INFO - INFO   | Soda Core 3.2.2
[2024-11-20T03:24:40.316+0000] {process_utils.py:190} INFO - DEBUG  | Reading configuration file "include/soda/configuration.yml"
[2024-11-20T03:24:40.317+0000] {process_utils.py:190} INFO - DEBUG  | Reading SodaCL file "include/soda/tables/labeled_transactions.yml"
[2024-11-20T03:24:40.317+0000] {process_utils.py:190} INFO - DEBUG  | Reading SodaCL file "include/soda/tables/customer_transactions.yml"
[2024-11-20T03:24:40.318+0000] {process_utils.py:190} INFO - DEBUG  | Scan execution starts
[2024-11-20T03:24:40.319+0000] {process_utils.py:190} INFO - DEBUG  | Query staging.labeled_transactions.aggregation[0]:
[2024-11-20T03:24:40.319+0000] {process_utils.py:190} INFO - SELECT
[2024-11-20T03:24:40.319+0000] {process_utils.py:190} INFO -   COUNT(*),
[2024-11-20T03:24:40.319+0000] {process_utils.py:190} INFO -   COUNT(CASE WHEN transaction_id IS NULL THEN 1 END),
[2024-11-20T03:24:40.320+0000] {process_utils.py:190} INFO -   COUNT(CASE WHEN is_fraudulent IS NULL THEN 1 END)
[2024-11-20T03:24:40.320+0000] {process_utils.py:190} INFO - FROM AIRBYTE_DATABASE.STAGING.labeled_transactions
[2024-11-20T03:24:40.321+0000] {process_utils.py:190} INFO - DEBUG  | Query staging.labeled_transactions.transaction_id.duplicate_count:
[2024-11-20T03:24:40.321+0000] {process_utils.py:190} INFO - 
[2024-11-20T03:24:40.321+0000] {process_utils.py:190} INFO - WITH frequencies AS (
[2024-11-20T03:24:40.321+0000] {process_utils.py:190} INFO -     SELECT COUNT(*) AS frequency
[2024-11-20T03:24:40.322+0000] {process_utils.py:190} INFO -     FROM AIRBYTE_DATABASE.STAGING.labeled_transactions
[2024-11-20T03:24:40.322+0000] {process_utils.py:190} INFO -     WHERE transaction_id IS NOT NULL
[2024-11-20T03:24:40.323+0000] {process_utils.py:190} INFO -     GROUP BY transaction_id)
[2024-11-20T03:24:40.323+0000] {process_utils.py:190} INFO - SELECT COUNT(*)
[2024-11-20T03:24:40.324+0000] {process_utils.py:190} INFO - FROM frequencies
[2024-11-20T03:24:40.324+0000] {process_utils.py:190} INFO - WHERE frequency > 1
[2024-11-20T03:24:40.324+0000] {process_utils.py:190} INFO - DEBUG  | Query staging.labeled_transactions.duplicate_count[transaction_id].failed_rows.aggregated:
[2024-11-20T03:24:40.324+0000] {process_utils.py:190} INFO - 
[2024-11-20T03:24:40.325+0000] {process_utils.py:190} INFO - WITH frequencies AS (
[2024-11-20T03:24:40.325+0000] {process_utils.py:190} INFO -     SELECT transaction_id, COUNT(*) AS frequency
[2024-11-20T03:24:40.325+0000] {process_utils.py:190} INFO -     FROM AIRBYTE_DATABASE.STAGING.labeled_transactions
[2024-11-20T03:24:40.326+0000] {process_utils.py:190} INFO -     WHERE transaction_id IS NOT NULL
[2024-11-20T03:24:40.326+0000] {process_utils.py:190} INFO -     GROUP BY transaction_id)
[2024-11-20T03:24:40.326+0000] {process_utils.py:190} INFO - SELECT *
[2024-11-20T03:24:40.326+0000] {process_utils.py:190} INFO - FROM frequencies
[2024-11-20T03:24:40.327+0000] {process_utils.py:190} INFO - WHERE frequency > 1
[2024-11-20T03:24:40.327+0000] {process_utils.py:190} INFO - ORDER BY frequency DESC
[2024-11-20T03:24:40.327+0000] {process_utils.py:190} INFO - LIMIT 100
[2024-11-20T03:24:40.328+0000] {process_utils.py:190} INFO - DEBUG  | Query staging.customer_transactions.aggregation[0]:
[2024-11-20T03:24:40.328+0000] {process_utils.py:190} INFO - SELECT
[2024-11-20T03:24:40.328+0000] {process_utils.py:190} INFO -   COUNT(*),
[2024-11-20T03:24:40.328+0000] {process_utils.py:190} INFO -   COUNT(CASE WHEN transaction_id IS NULL THEN 1 END),
[2024-11-20T03:24:40.329+0000] {process_utils.py:190} INFO -   COUNT(CASE WHEN user_id IS NULL THEN 1 END),
[2024-11-20T03:24:40.329+0000] {process_utils.py:190} INFO -   COUNT(CASE WHEN transaction_date IS NULL THEN 1 END),
[2024-11-20T03:24:40.329+0000] {process_utils.py:190} INFO -   COUNT(CASE WHEN amount IS NULL THEN 1 END)
[2024-11-20T03:24:40.329+0000] {process_utils.py:190} INFO - FROM AIRBYTE_DATABASE.STAGING.customer_transactions
[2024-11-20T03:24:40.330+0000] {process_utils.py:190} INFO - DEBUG  | Query staging.customer_transactions.transaction_id.duplicate_count:
[2024-11-20T03:24:40.330+0000] {process_utils.py:190} INFO - 
[2024-11-20T03:24:40.330+0000] {process_utils.py:190} INFO - WITH frequencies AS (
[2024-11-20T03:24:40.330+0000] {process_utils.py:190} INFO -     SELECT COUNT(*) AS frequency
[2024-11-20T03:24:40.331+0000] {process_utils.py:190} INFO -     FROM AIRBYTE_DATABASE.STAGING.customer_transactions
[2024-11-20T03:24:40.331+0000] {process_utils.py:190} INFO -     WHERE transaction_id IS NOT NULL
[2024-11-20T03:24:40.331+0000] {process_utils.py:190} INFO -     GROUP BY transaction_id)
[2024-11-20T03:24:40.331+0000] {process_utils.py:190} INFO - SELECT COUNT(*)
[2024-11-20T03:24:40.331+0000] {process_utils.py:190} INFO - FROM frequencies
[2024-11-20T03:24:40.332+0000] {process_utils.py:190} INFO - WHERE frequency > 1
[2024-11-20T03:24:40.332+0000] {process_utils.py:190} INFO - DEBUG  | Query staging.customer_transactions.duplicate_count[transaction_id].failed_rows.aggregated:
[2024-11-20T03:24:40.332+0000] {process_utils.py:190} INFO - 
[2024-11-20T03:24:40.332+0000] {process_utils.py:190} INFO - WITH frequencies AS (
[2024-11-20T03:24:40.333+0000] {process_utils.py:190} INFO -     SELECT transaction_id, COUNT(*) AS frequency
[2024-11-20T03:24:40.333+0000] {process_utils.py:190} INFO -     FROM AIRBYTE_DATABASE.STAGING.customer_transactions
[2024-11-20T03:24:40.333+0000] {process_utils.py:190} INFO -     WHERE transaction_id IS NOT NULL
[2024-11-20T03:24:40.333+0000] {process_utils.py:190} INFO -     GROUP BY transaction_id)
[2024-11-20T03:24:40.334+0000] {process_utils.py:190} INFO - SELECT *
[2024-11-20T03:24:40.334+0000] {process_utils.py:190} INFO - FROM frequencies
[2024-11-20T03:24:40.334+0000] {process_utils.py:190} INFO - WHERE frequency > 1
[2024-11-20T03:24:40.335+0000] {process_utils.py:190} INFO - ORDER BY frequency DESC
[2024-11-20T03:24:40.335+0000] {process_utils.py:190} INFO - LIMIT 100
[2024-11-20T03:24:40.335+0000] {process_utils.py:190} INFO - DEBUG  | Query staging.labeled_transactions.schema[labeled_transactions]:
[2024-11-20T03:24:40.335+0000] {process_utils.py:190} INFO - SELECT column_name, data_type, is_nullable
[2024-11-20T03:24:40.336+0000] {process_utils.py:190} INFO - FROM information_schema.columns
[2024-11-20T03:24:40.336+0000] {process_utils.py:190} INFO - WHERE upper(table_name) = 'LABELED_TRANSACTIONS'
[2024-11-20T03:24:40.336+0000] {process_utils.py:190} INFO -   AND upper(table_catalog) = 'AIRBYTE_DATABASE'
[2024-11-20T03:24:40.336+0000] {process_utils.py:190} INFO -   AND upper(table_schema) = 'STAGING'
[2024-11-20T03:24:40.337+0000] {process_utils.py:190} INFO - ORDER BY ORDINAL_POSITION
[2024-11-20T03:24:40.337+0000] {process_utils.py:190} INFO - DEBUG  | Query staging.reference[transaction_id]:
[2024-11-20T03:24:40.337+0000] {process_utils.py:190} INFO - 
[2024-11-20T03:24:40.337+0000] {process_utils.py:190} INFO - SELECT COUNT(*)
[2024-11-20T03:24:40.338+0000] {process_utils.py:190} INFO -     FROM AIRBYTE_DATABASE.STAGING.labeled_transactions  SOURCE
[2024-11-20T03:24:40.338+0000] {process_utils.py:190} INFO -     LEFT JOIN AIRBYTE_DATABASE.STAGING.customer_transactions TARGET on SOURCE.transaction_id = TARGET.transaction_id
[2024-11-20T03:24:40.338+0000] {process_utils.py:190} INFO - WHERE (SOURCE.transaction_id IS NOT NULL AND TARGET.transaction_id IS  NULL)
[2024-11-20T03:24:40.338+0000] {process_utils.py:190} INFO - DEBUG  | Query staging.customer_transactions.schema[customer_transactions]:
[2024-11-20T03:24:40.339+0000] {process_utils.py:190} INFO - SELECT column_name, data_type, is_nullable
[2024-11-20T03:24:40.339+0000] {process_utils.py:190} INFO - FROM information_schema.columns
[2024-11-20T03:24:40.340+0000] {process_utils.py:190} INFO - WHERE upper(table_name) = 'CUSTOMER_TRANSACTIONS'
[2024-11-20T03:24:40.340+0000] {process_utils.py:190} INFO -   AND upper(table_catalog) = 'AIRBYTE_DATABASE'
[2024-11-20T03:24:40.341+0000] {process_utils.py:190} INFO -   AND upper(table_schema) = 'STAGING'
[2024-11-20T03:24:40.341+0000] {process_utils.py:190} INFO - ORDER BY ORDINAL_POSITION
[2024-11-20T03:24:40.341+0000] {process_utils.py:190} INFO - INFO   | Scan summary:
[2024-11-20T03:24:40.341+0000] {process_utils.py:190} INFO - DEBUG  | 9/9 queries OK
[2024-11-20T03:24:40.342+0000] {process_utils.py:190} INFO - DEBUG  |   staging.labeled_transactions.aggregation[0] [OK] 0:00:00.380406
[2024-11-20T03:24:40.342+0000] {process_utils.py:190} INFO - DEBUG  |   staging.labeled_transactions.transaction_id.duplicate_count [OK] 0:00:00.415539
[2024-11-20T03:24:40.342+0000] {process_utils.py:190} INFO - DEBUG  |   staging.labeled_transactions.duplicate_count[transaction_id].failed_rows.aggregated [OK] 0:00:00.383029
[2024-11-20T03:24:40.342+0000] {process_utils.py:190} INFO - DEBUG  |   staging.customer_transactions.aggregation[0] [OK] 0:00:00.405106
[2024-11-20T03:24:40.343+0000] {process_utils.py:190} INFO - DEBUG  |   staging.customer_transactions.transaction_id.duplicate_count [OK] 0:00:00.412102
[2024-11-20T03:24:40.343+0000] {process_utils.py:190} INFO - DEBUG  |   staging.customer_transactions.duplicate_count[transaction_id].failed_rows.aggregated [OK] 0:00:00.390540
[2024-11-20T03:24:40.343+0000] {process_utils.py:190} INFO - DEBUG  |   staging.labeled_transactions.schema[labeled_transactions] [OK] 0:00:01.081936
[2024-11-20T03:24:40.344+0000] {process_utils.py:190} INFO - DEBUG  |   staging.reference[transaction_id] [OK] 0:00:00.408186
[2024-11-20T03:24:40.344+0000] {process_utils.py:190} INFO - DEBUG  |   staging.customer_transactions.schema[customer_transactions] [OK] 0:00:01.046585
[2024-11-20T03:24:40.344+0000] {process_utils.py:190} INFO - INFO   | 13/13 checks PASSED:
[2024-11-20T03:24:40.344+0000] {process_utils.py:190} INFO - INFO   |     labeled_transactions in staging
[2024-11-20T03:24:40.345+0000] {process_utils.py:190} INFO - INFO   |       Table is empty [include/soda/tables/labeled_transactions.yml] [PASSED]
[2024-11-20T03:24:40.345+0000] {process_utils.py:190} INFO - INFO   |         check_value: 531
[2024-11-20T03:24:40.345+0000] {process_utils.py:190} INFO - INFO   |       Schema Check [include/soda/tables/labeled_transactions.yml] [PASSED]
[2024-11-20T03:24:40.345+0000] {process_utils.py:190} INFO - INFO   |         schema_measured = [_AIRBYTE_RAW_ID TEXT, _AIRBYTE_EXTRACTED_AT TIMESTAMP_TZ, _AIRBYTE_META VARIANT, IS_FRAUDULENT BOOLEAN, TRANSACTION_ID NUMBER, _AB_SOURCE_FILE_URL TEXT, _AB_SOURCE_FILE_LAST_MODIFIED TEXT]
[2024-11-20T03:24:40.346+0000] {process_utils.py:190} INFO - INFO   |       Transaction IDs must match the reference table [include/soda/tables/labeled_transactions.yml] [PASSED]
[2024-11-20T03:24:40.346+0000] {process_utils.py:190} INFO - INFO   |         value: 0
[2024-11-20T03:24:40.347+0000] {process_utils.py:190} INFO - INFO   |       Duplicate transaction ids [include/soda/tables/labeled_transactions.yml] [PASSED]
[2024-11-20T03:24:40.347+0000] {process_utils.py:190} INFO - INFO   |         check_value: 0
[2024-11-20T03:24:40.347+0000] {process_utils.py:190} INFO - INFO   |       Transaction IDs cannot be null [include/soda/tables/labeled_transactions.yml] [PASSED]
[2024-11-20T03:24:40.347+0000] {process_utils.py:190} INFO - INFO   |         check_value: 0
[2024-11-20T03:24:40.348+0000] {process_utils.py:190} INFO - INFO   |       Is fraudulent values cannot be null [include/soda/tables/labeled_transactions.yml] [PASSED]
[2024-11-20T03:24:40.348+0000] {process_utils.py:190} INFO - INFO   |         check_value: 0
[2024-11-20T03:24:40.348+0000] {process_utils.py:190} INFO - INFO   |     customer_transactions in staging
[2024-11-20T03:24:40.348+0000] {process_utils.py:190} INFO - INFO   |       Table is empty [include/soda/tables/customer_transactions.yml] [PASSED]
[2024-11-20T03:24:40.349+0000] {process_utils.py:190} INFO - INFO   |         check_value: 980
[2024-11-20T03:24:40.349+0000] {process_utils.py:190} INFO - INFO   |       Schema Check [include/soda/tables/customer_transactions.yml] [PASSED]
[2024-11-20T03:24:40.349+0000] {process_utils.py:190} INFO - INFO   |         schema_measured = [_AIRBYTE_RAW_ID TEXT, _AIRBYTE_EXTRACTED_AT TIMESTAMP_TZ, _AIRBYTE_META VARIANT, AMOUNT FLOAT, USER_ID NUMBER, TRANSACTION_ID NUMBER, TRANSACTION_DATE TEXT, _AB_SOURCE_FILE_URL TEXT, _AB_SOURCE_FILE_LAST_MODIFIED TEXT]
[2024-11-20T03:24:40.349+0000] {process_utils.py:190} INFO - INFO   |       Duplicate transaction ids [include/soda/tables/customer_transactions.yml] [PASSED]
[2024-11-20T03:24:40.350+0000] {process_utils.py:190} INFO - INFO   |         check_value: 0
[2024-11-20T03:24:40.350+0000] {process_utils.py:190} INFO - INFO   |       Transactions ids cannot be null [include/soda/tables/customer_transactions.yml] [PASSED]
[2024-11-20T03:24:40.350+0000] {process_utils.py:190} INFO - INFO   |         check_value: 0
[2024-11-20T03:24:40.351+0000] {process_utils.py:190} INFO - INFO   |       User ids cannot be null [include/soda/tables/customer_transactions.yml] [PASSED]
[2024-11-20T03:24:40.351+0000] {process_utils.py:190} INFO - INFO   |         check_value: 0
[2024-11-20T03:24:40.351+0000] {process_utils.py:190} INFO - INFO   |       Transactions dates cannot be null [include/soda/tables/customer_transactions.yml] [PASSED]
[2024-11-20T03:24:40.351+0000] {process_utils.py:190} INFO - INFO   |         check_value: 0
[2024-11-20T03:24:40.352+0000] {process_utils.py:190} INFO - INFO   |       Amounts cannot be null [include/soda/tables/customer_transactions.yml] [PASSED]
[2024-11-20T03:24:40.352+0000] {process_utils.py:190} INFO - INFO   |         check_value: 0
[2024-11-20T03:24:40.352+0000] {process_utils.py:190} INFO - INFO   | All is good. No failures. No warnings. No errors.
[2024-11-20T03:24:40.678+0000] {python.py:202} INFO - Done. Returned value was: None
[2024-11-20T03:24:40.688+0000] {taskinstance.py:1149} INFO - Marking task as SUCCESS. dag_id=customer_metrics, task_id=audit_customer_transactions, execution_date=20241120T032308, start_date=20241120T032433, end_date=20241120T032440
[2024-11-20T03:24:40.715+0000] {local_task_job_runner.py:234} INFO - Task exited with return code 0
[2024-11-20T03:24:40.740+0000] {taskinstance.py:3309} INFO - 1 downstream tasks scheduled from follow-on schedule check
