[2024-11-20T01:20:43.661+0000] {taskinstance.py:1979} INFO - Dependencies all met for dep_context=non-requeueable deps ti=<TaskInstance: customer_metrics.load_labeled_transactions_raw scheduled__2024-11-19T00:00:00+00:00 [queued]>
[2024-11-20T01:20:43.670+0000] {taskinstance.py:1979} INFO - Dependencies all met for dep_context=requeueable deps ti=<TaskInstance: customer_metrics.load_labeled_transactions_raw scheduled__2024-11-19T00:00:00+00:00 [queued]>
[2024-11-20T01:20:43.671+0000] {taskinstance.py:2193} INFO - Starting attempt 1 of 1
[2024-11-20T01:20:43.685+0000] {taskinstance.py:2214} INFO - Executing <Task(AirbyteTriggerSyncOperator): load_labeled_transactions_raw> on 2024-11-19 00:00:00+00:00
[2024-11-20T01:20:43.688+0000] {standard_task_runner.py:60} INFO - Started process 299 to run task
[2024-11-20T01:20:43.691+0000] {standard_task_runner.py:87} INFO - Running: ['airflow', 'tasks', 'run', 'customer_metrics', 'load_labeled_transactions_raw', 'scheduled__2024-11-19T00:00:00+00:00', '--job-id', '86', '--raw', '--subdir', 'DAGS_FOLDER/customer_metrics.py', '--cfg-path', '/tmp/tmpjms1_1ch']
[2024-11-20T01:20:43.693+0000] {standard_task_runner.py:88} INFO - Job 86: Subtask load_labeled_transactions_raw
[2024-11-20T01:20:43.741+0000] {task_command.py:423} INFO - Running <TaskInstance: customer_metrics.load_labeled_transactions_raw scheduled__2024-11-19T00:00:00+00:00 [running]> on host 4cf1ca1acf00
[2024-11-20T01:20:43.825+0000] {taskinstance.py:2510} INFO - Exporting env vars: AIRFLOW_CTX_DAG_OWNER='airflow' AIRFLOW_CTX_DAG_ID='customer_metrics' AIRFLOW_CTX_TASK_ID='load_labeled_transactions_raw' AIRFLOW_CTX_EXECUTION_DATE='2024-11-19T00:00:00+00:00' AIRFLOW_CTX_TRY_NUMBER='1' AIRFLOW_CTX_DAG_RUN_ID='scheduled__2024-11-19T00:00:00+00:00'
[2024-11-20T01:20:43.834+0000] {base.py:83} INFO - Using connection ID 'airbyte' for task execution.
[2024-11-20T01:20:46.363+0000] {airbyte.py:86} INFO - Job 28 was submitted to Airbyte Server
[2024-11-20T01:20:46.364+0000] {airbyte.py:88} INFO - Waiting for job 28 to complete
[2024-11-20T01:20:49.378+0000] {base.py:83} INFO - Using connection ID 'airbyte' for task execution.
[2024-11-20T01:20:52.470+0000] {base.py:83} INFO - Using connection ID 'airbyte' for task execution.
[2024-11-20T01:20:55.640+0000] {base.py:83} INFO - Using connection ID 'airbyte' for task execution.
[2024-11-20T01:20:58.675+0000] {base.py:83} INFO - Using connection ID 'airbyte' for task execution.
[2024-11-20T01:20:58.707+0000] {airbyte.py:112} INFO - Job 28 completed successfully
[2024-11-20T01:20:58.743+0000] {taskinstance.py:1149} INFO - Marking task as SUCCESS. dag_id=customer_metrics, task_id=load_labeled_transactions_raw, execution_date=20241119T000000, start_date=20241120T012043, end_date=20241120T012058
[2024-11-20T01:20:58.795+0000] {local_task_job_runner.py:234} INFO - Task exited with return code 0
[2024-11-20T01:20:58.833+0000] {taskinstance.py:3309} INFO - 0 downstream tasks scheduled from follow-on schedule check
