[2024-11-20T04:48:50.396+0000] {taskinstance.py:1979} INFO - Dependencies all met for dep_context=non-requeueable deps ti=<TaskInstance: customer_metrics.publish.labeled_transaction_run manual__2024-11-20T04:46:39.560816+00:00 [queued]>
[2024-11-20T04:48:50.406+0000] {taskinstance.py:1979} INFO - Dependencies all met for dep_context=requeueable deps ti=<TaskInstance: customer_metrics.publish.labeled_transaction_run manual__2024-11-20T04:46:39.560816+00:00 [queued]>
[2024-11-20T04:48:50.407+0000] {taskinstance.py:2193} INFO - Starting attempt 1 of 1
[2024-11-20T04:48:50.422+0000] {taskinstance.py:2214} INFO - Executing <Task(DbtRunLocalOperator): publish.labeled_transaction_run> on 2024-11-20 04:46:39.560816+00:00
[2024-11-20T04:48:50.434+0000] {standard_task_runner.py:60} INFO - Started process 18683 to run task
[2024-11-20T04:48:50.437+0000] {standard_task_runner.py:87} INFO - Running: ['airflow', 'tasks', 'run', 'customer_metrics', 'publish.labeled_transaction_run', 'manual__2024-11-20T04:46:39.560816+00:00', '--job-id', '155', '--raw', '--subdir', 'DAGS_FOLDER/customer_metrics.py', '--cfg-path', '/tmp/tmpn0sb6gty']
[2024-11-20T04:48:50.439+0000] {standard_task_runner.py:88} INFO - Job 155: Subtask publish.labeled_transaction_run
[2024-11-20T04:48:50.489+0000] {task_command.py:423} INFO - Running <TaskInstance: customer_metrics.publish.labeled_transaction_run manual__2024-11-20T04:46:39.560816+00:00 [running]> on host 4cf1ca1acf00
[2024-11-20T04:48:50.572+0000] {taskinstance.py:2510} INFO - Exporting env vars: AIRFLOW_CTX_DAG_OWNER='airflow' AIRFLOW_CTX_DAG_ID='customer_metrics' AIRFLOW_CTX_TASK_ID='publish.labeled_transaction_run' AIRFLOW_CTX_EXECUTION_DATE='2024-11-20T04:46:39.560816+00:00' AIRFLOW_CTX_TRY_NUMBER='1' AIRFLOW_CTX_DAG_RUN_ID='manual__2024-11-20T04:46:39.560816+00:00'
[2024-11-20T04:48:50.574+0000] {local.py:202} INFO - Cloning project to writable temp directory /tmp/tmpqk88p3z7 from /opt/airflow/include/dbt/fraud
[2024-11-20T04:48:50.577+0000] {config.py:253} INFO - Using user-supplied profiles.yml at /opt/airflow/include/dbt/fraud/profiles.yml
[2024-11-20T04:48:50.578+0000] {local.py:235} INFO - Trying to run the command:
 ['/home/airflow/.local/bin/dbt', 'run', '--models', 'labeled_transaction', '--profiles-dir', '/opt/airflow/include/dbt/fraud', '--profile', 'fraud', '--target', 'dev']
From /tmp/tmpqk88p3z7
[2024-11-20T04:48:50.579+0000] {local.py:236} INFO - Using environment variables keys: dict_keys(['AIRFLOW_CTX_DAG_OWNER', 'AIRFLOW_CTX_DAG_ID', 'AIRFLOW_CTX_TASK_ID', 'AIRFLOW_CTX_EXECUTION_DATE', 'AIRFLOW_CTX_TRY_NUMBER', 'AIRFLOW_CTX_DAG_RUN_ID'])
[2024-11-20T04:48:50.579+0000] {subprocess.py:60} INFO - Tmp dir root location: 
 /tmp
[2024-11-20T04:48:50.580+0000] {subprocess.py:73} INFO - Running command: ['/home/airflow/.local/bin/dbt', 'run', '--models', 'labeled_transaction', '--profiles-dir', '/opt/airflow/include/dbt/fraud', '--profile', 'fraud', '--target', 'dev']
[2024-11-20T04:48:50.589+0000] {subprocess.py:84} INFO - Command output:
[2024-11-20T04:48:52.399+0000] {subprocess.py:94} INFO - [0m04:48:52  Running with dbt=1.8.7
[2024-11-20T04:48:53.567+0000] {subprocess.py:94} INFO - [0m04:48:53  Registered adapter: snowflake=1.8.4
[2024-11-20T04:48:53.600+0000] {subprocess.py:94} INFO - [0m04:48:53  Unable to do partial parsing because saved manifest not found. Starting full parse.
[2024-11-20T04:48:55.431+0000] {subprocess.py:94} INFO - [0m04:48:55  Found 3 models, 454 macros
[2024-11-20T04:48:55.433+0000] {subprocess.py:94} INFO - [0m04:48:55
[2024-11-20T04:49:00.830+0000] {subprocess.py:94} INFO - [0m04:49:00  Concurrency: 1 threads (target='dev')
[2024-11-20T04:49:00.832+0000] {subprocess.py:94} INFO - [0m04:49:00
[2024-11-20T04:49:00.839+0000] {subprocess.py:94} INFO - [0m04:49:00  1 of 1 START sql table model prod.labeled_transaction .......................... [RUN]
[2024-11-20T04:49:03.375+0000] {subprocess.py:94} INFO - [0m04:49:03  1 of 1 OK created sql table model prod.labeled_transaction ..................... [[32mSUCCESS 1[0m in 2.53s]
[2024-11-20T04:49:03.378+0000] {subprocess.py:94} INFO - [0m04:49:03
[2024-11-20T04:49:03.379+0000] {subprocess.py:94} INFO - [0m04:49:03  Finished running 1 table model in 0 hours 0 minutes and 7.95 seconds (7.95s).
[2024-11-20T04:49:03.420+0000] {subprocess.py:94} INFO - [0m04:49:03
[2024-11-20T04:49:03.421+0000] {subprocess.py:94} INFO - [0m04:49:03  [32mCompleted successfully[0m
[2024-11-20T04:49:03.422+0000] {subprocess.py:94} INFO - [0m04:49:03
[2024-11-20T04:49:03.422+0000] {subprocess.py:94} INFO - [0m04:49:03  Done. PASS=1 WARN=0 ERROR=0 SKIP=0 TOTAL=1
[2024-11-20T04:49:04.675+0000] {subprocess.py:98} INFO - Command exited with return code 0
[2024-11-20T04:49:04.686+0000] {local.py:138} WARNING - Artifact schema version: https://schemas.getdbt.com/dbt/manifest/v12.json is above dbt-ol supported version 7. This might cause errors.
[2024-11-20T04:49:04.686+0000] {local.py:138} WARNING - Artifact schema version: https://schemas.getdbt.com/dbt/run-results/v6.json is above dbt-ol supported version 5. This might cause errors.
[2024-11-20T04:49:04.692+0000] {local.py:252} INFO - Inlets: []
[2024-11-20T04:49:04.692+0000] {local.py:253} INFO - Outlets: [Dataset(uri='snowflake://qab09154.us-east-1.aws/AIRBYTE_DATABASE.prod.labeled_transaction', extra=None)]
[2024-11-20T04:49:04.693+0000] {dag.py:3047} INFO - Sync 1 DAGs
[2024-11-20T04:49:04.718+0000] {dag.py:3834} INFO - Setting next_dagrun for customer_metrics to 2024-11-20 00:00:00+00:00, run_after=2024-11-21 00:00:00+00:00
[2024-11-20T04:49:04.743+0000] {local.py:371} INFO - [0m04:49:03  Done. PASS=1 WARN=0 ERROR=0 SKIP=0 TOTAL=1
[2024-11-20T04:49:04.748+0000] {logging_mixin.py:188} WARNING - /home/airflow/.local/lib/python3.8/site-packages/airflow/models/baseoperator.py:1469 RemovedInAirflow3Warning: Passing 'execution_date' to 'TaskInstance.xcom_push()' is deprecated.
[2024-11-20T04:49:04.768+0000] {taskinstance.py:1149} INFO - Marking task as SUCCESS. dag_id=customer_metrics, task_id=publish.labeled_transaction_run, execution_date=20241120T044639, start_date=20241120T044850, end_date=20241120T044904
[2024-11-20T04:49:04.820+0000] {local_task_job_runner.py:234} INFO - Task exited with return code 0
[2024-11-20T04:49:04.834+0000] {taskinstance.py:3309} INFO - 0 downstream tasks scheduled from follow-on schedule check
