[2024-11-20T04:15:57.651+0000] {taskinstance.py:1979} INFO - Dependencies all met for dep_context=non-requeueable deps ti=<TaskInstance: customer_metrics.write_to_staging manual__2024-11-20T04:15:26.082029+00:00 [queued]>
[2024-11-20T04:15:57.661+0000] {taskinstance.py:1979} INFO - Dependencies all met for dep_context=requeueable deps ti=<TaskInstance: customer_metrics.write_to_staging manual__2024-11-20T04:15:26.082029+00:00 [queued]>
[2024-11-20T04:15:57.662+0000] {taskinstance.py:2193} INFO - Starting attempt 1 of 1
[2024-11-20T04:15:57.674+0000] {taskinstance.py:2214} INFO - Executing <Task(AirbyteTriggerSyncOperator): write_to_staging> on 2024-11-20 04:15:26.082029+00:00
[2024-11-20T04:15:57.679+0000] {standard_task_runner.py:60} INFO - Started process 15521 to run task
[2024-11-20T04:15:57.681+0000] {standard_task_runner.py:87} INFO - Running: ['airflow', 'tasks', 'run', 'customer_metrics', 'write_to_staging', 'manual__2024-11-20T04:15:26.082029+00:00', '--job-id', '140', '--raw', '--subdir', 'DAGS_FOLDER/customer_metrics.py', '--cfg-path', '/tmp/tmpvl39y0zz']
[2024-11-20T04:15:57.682+0000] {standard_task_runner.py:88} INFO - Job 140: Subtask write_to_staging
[2024-11-20T04:15:57.733+0000] {task_command.py:423} INFO - Running <TaskInstance: customer_metrics.write_to_staging manual__2024-11-20T04:15:26.082029+00:00 [running]> on host 4cf1ca1acf00
[2024-11-20T04:15:57.806+0000] {taskinstance.py:2510} INFO - Exporting env vars: AIRFLOW_CTX_DAG_OWNER='airflow' AIRFLOW_CTX_DAG_ID='customer_metrics' AIRFLOW_CTX_TASK_ID='write_to_staging' AIRFLOW_CTX_EXECUTION_DATE='2024-11-20T04:15:26.082029+00:00' AIRFLOW_CTX_TRY_NUMBER='1' AIRFLOW_CTX_DAG_RUN_ID='manual__2024-11-20T04:15:26.082029+00:00'
[2024-11-20T04:15:57.814+0000] {base.py:83} INFO - Using connection ID 'airbyte' for task execution.
[2024-11-20T04:15:58.057+0000] {airbyte.py:86} INFO - Job 53 was submitted to Airbyte Server
[2024-11-20T04:15:58.058+0000] {airbyte.py:88} INFO - Waiting for job 53 to complete
[2024-11-20T04:16:01.069+0000] {base.py:83} INFO - Using connection ID 'airbyte' for task execution.
[2024-11-20T04:16:04.093+0000] {base.py:83} INFO - Using connection ID 'airbyte' for task execution.
[2024-11-20T04:16:07.109+0000] {base.py:83} INFO - Using connection ID 'airbyte' for task execution.
[2024-11-20T04:16:10.132+0000] {base.py:83} INFO - Using connection ID 'airbyte' for task execution.
[2024-11-20T04:16:13.152+0000] {base.py:83} INFO - Using connection ID 'airbyte' for task execution.
[2024-11-20T04:16:16.170+0000] {base.py:83} INFO - Using connection ID 'airbyte' for task execution.
[2024-11-20T04:16:19.188+0000] {base.py:83} INFO - Using connection ID 'airbyte' for task execution.
[2024-11-20T04:16:22.207+0000] {base.py:83} INFO - Using connection ID 'airbyte' for task execution.
[2024-11-20T04:16:25.228+0000] {base.py:83} INFO - Using connection ID 'airbyte' for task execution.
[2024-11-20T04:16:28.246+0000] {base.py:83} INFO - Using connection ID 'airbyte' for task execution.
[2024-11-20T04:16:31.269+0000] {base.py:83} INFO - Using connection ID 'airbyte' for task execution.
[2024-11-20T04:16:34.291+0000] {base.py:83} INFO - Using connection ID 'airbyte' for task execution.
[2024-11-20T04:16:34.301+0000] {airbyte.py:112} INFO - Job 53 completed successfully
[2024-11-20T04:16:34.324+0000] {taskinstance.py:1149} INFO - Marking task as SUCCESS. dag_id=customer_metrics, task_id=write_to_staging, execution_date=20241120T041526, start_date=20241120T041557, end_date=20241120T041634
[2024-11-20T04:16:34.376+0000] {local_task_job_runner.py:234} INFO - Task exited with return code 0
[2024-11-20T04:16:34.405+0000] {taskinstance.py:3309} INFO - 1 downstream tasks scheduled from follow-on schedule check
