[2024-11-19T09:48:08.357+0000] {taskinstance.py:1979} INFO - Dependencies all met for dep_context=non-requeueable deps ti=<TaskInstance: customer_metrics.load_labeled_transactions_raw manual__2024-11-19T09:47:58.608848+00:00 [queued]>
[2024-11-19T09:48:08.364+0000] {taskinstance.py:1979} INFO - Dependencies all met for dep_context=requeueable deps ti=<TaskInstance: customer_metrics.load_labeled_transactions_raw manual__2024-11-19T09:47:58.608848+00:00 [queued]>
[2024-11-19T09:48:08.364+0000] {taskinstance.py:2193} INFO - Starting attempt 1 of 1
[2024-11-19T09:48:08.377+0000] {taskinstance.py:2214} INFO - Executing <Task(AirbyteTriggerSyncOperator): load_labeled_transactions_raw> on 2024-11-19 09:47:58.608848+00:00
[2024-11-19T09:48:08.390+0000] {standard_task_runner.py:60} INFO - Started process 5127 to run task
[2024-11-19T09:48:08.392+0000] {standard_task_runner.py:87} INFO - Running: ['airflow', 'tasks', 'run', 'customer_metrics', 'load_labeled_transactions_raw', 'manual__2024-11-19T09:47:58.608848+00:00', '--job-id', '66', '--raw', '--subdir', 'DAGS_FOLDER/customer_metrics.py', '--cfg-path', '/tmp/tmp12b069ia']
[2024-11-19T09:48:08.394+0000] {standard_task_runner.py:88} INFO - Job 66: Subtask load_labeled_transactions_raw
[2024-11-19T09:48:08.437+0000] {task_command.py:423} INFO - Running <TaskInstance: customer_metrics.load_labeled_transactions_raw manual__2024-11-19T09:47:58.608848+00:00 [running]> on host 4cf1ca1acf00
[2024-11-19T09:48:08.509+0000] {taskinstance.py:2510} INFO - Exporting env vars: AIRFLOW_CTX_DAG_OWNER='airflow' AIRFLOW_CTX_DAG_ID='customer_metrics' AIRFLOW_CTX_TASK_ID='load_labeled_transactions_raw' AIRFLOW_CTX_EXECUTION_DATE='2024-11-19T09:47:58.608848+00:00' AIRFLOW_CTX_TRY_NUMBER='1' AIRFLOW_CTX_DAG_RUN_ID='manual__2024-11-19T09:47:58.608848+00:00'
[2024-11-19T09:48:08.519+0000] {base.py:83} INFO - Using connection ID 'airbyte' for task execution.
[2024-11-19T09:48:10.647+0000] {airbyte.py:86} INFO - Job 19 was submitted to Airbyte Server
[2024-11-19T09:48:10.647+0000] {airbyte.py:88} INFO - Waiting for job 19 to complete
[2024-11-19T09:48:13.657+0000] {base.py:83} INFO - Using connection ID 'airbyte' for task execution.
[2024-11-19T09:48:16.684+0000] {base.py:83} INFO - Using connection ID 'airbyte' for task execution.
[2024-11-19T09:48:19.837+0000] {base.py:83} INFO - Using connection ID 'airbyte' for task execution.
[2024-11-19T09:48:22.870+0000] {base.py:83} INFO - Using connection ID 'airbyte' for task execution.
[2024-11-19T09:48:25.890+0000] {base.py:83} INFO - Using connection ID 'airbyte' for task execution.
[2024-11-19T09:48:25.905+0000] {airbyte.py:112} INFO - Job 19 completed successfully
[2024-11-19T09:48:25.933+0000] {taskinstance.py:1149} INFO - Marking task as SUCCESS. dag_id=customer_metrics, task_id=load_labeled_transactions_raw, execution_date=20241119T094758, start_date=20241119T094808, end_date=20241119T094825
[2024-11-19T09:48:25.978+0000] {local_task_job_runner.py:234} INFO - Task exited with return code 0
[2024-11-19T09:48:26.022+0000] {taskinstance.py:3309} INFO - 0 downstream tasks scheduled from follow-on schedule check
