[2024-11-20T04:46:49.299+0000] {taskinstance.py:1979} INFO - Dependencies all met for dep_context=non-requeueable deps ti=<TaskInstance: customer_metrics.load_labeled_transactions_raw manual__2024-11-20T04:46:39.560816+00:00 [queued]>
[2024-11-20T04:46:49.308+0000] {taskinstance.py:1979} INFO - Dependencies all met for dep_context=requeueable deps ti=<TaskInstance: customer_metrics.load_labeled_transactions_raw manual__2024-11-20T04:46:39.560816+00:00 [queued]>
[2024-11-20T04:46:49.309+0000] {taskinstance.py:2193} INFO - Starting attempt 1 of 1
[2024-11-20T04:46:49.321+0000] {taskinstance.py:2214} INFO - Executing <Task(AirbyteTriggerSyncOperator): load_labeled_transactions_raw> on 2024-11-20 04:46:39.560816+00:00
[2024-11-20T04:46:49.325+0000] {standard_task_runner.py:60} INFO - Started process 18252 to run task
[2024-11-20T04:46:49.327+0000] {standard_task_runner.py:87} INFO - Running: ['airflow', 'tasks', 'run', 'customer_metrics', 'load_labeled_transactions_raw', 'manual__2024-11-20T04:46:39.560816+00:00', '--job-id', '149', '--raw', '--subdir', 'DAGS_FOLDER/customer_metrics.py', '--cfg-path', '/tmp/tmpgk3bb51b']
[2024-11-20T04:46:49.328+0000] {standard_task_runner.py:88} INFO - Job 149: Subtask load_labeled_transactions_raw
[2024-11-20T04:46:49.370+0000] {task_command.py:423} INFO - Running <TaskInstance: customer_metrics.load_labeled_transactions_raw manual__2024-11-20T04:46:39.560816+00:00 [running]> on host 4cf1ca1acf00
[2024-11-20T04:46:49.441+0000] {taskinstance.py:2510} INFO - Exporting env vars: AIRFLOW_CTX_DAG_OWNER='airflow' AIRFLOW_CTX_DAG_ID='customer_metrics' AIRFLOW_CTX_TASK_ID='load_labeled_transactions_raw' AIRFLOW_CTX_EXECUTION_DATE='2024-11-20T04:46:39.560816+00:00' AIRFLOW_CTX_TRY_NUMBER='1' AIRFLOW_CTX_DAG_RUN_ID='manual__2024-11-20T04:46:39.560816+00:00'
[2024-11-20T04:46:49.451+0000] {base.py:83} INFO - Using connection ID 'airbyte' for task execution.
[2024-11-20T04:46:49.904+0000] {airbyte.py:86} INFO - Job 54 was submitted to Airbyte Server
[2024-11-20T04:46:49.905+0000] {airbyte.py:88} INFO - Waiting for job 54 to complete
[2024-11-20T04:46:52.924+0000] {base.py:83} INFO - Using connection ID 'airbyte' for task execution.
[2024-11-20T04:46:55.973+0000] {base.py:83} INFO - Using connection ID 'airbyte' for task execution.
[2024-11-20T04:46:59.016+0000] {base.py:83} INFO - Using connection ID 'airbyte' for task execution.
[2024-11-20T04:47:02.047+0000] {base.py:83} INFO - Using connection ID 'airbyte' for task execution.
[2024-11-20T04:47:02.066+0000] {airbyte.py:112} INFO - Job 54 completed successfully
[2024-11-20T04:47:02.120+0000] {taskinstance.py:1149} INFO - Marking task as SUCCESS. dag_id=customer_metrics, task_id=load_labeled_transactions_raw, execution_date=20241120T044639, start_date=20241120T044649, end_date=20241120T044702
[2024-11-20T04:47:02.184+0000] {local_task_job_runner.py:234} INFO - Task exited with return code 0
[2024-11-20T04:47:02.293+0000] {taskinstance.py:3309} INFO - 0 downstream tasks scheduled from follow-on schedule check
