[2024-11-20T03:17:23.947+0000] {taskinstance.py:1979} INFO - Dependencies all met for dep_context=non-requeueable deps ti=<TaskInstance: customer_metrics.load_customer_transactions_raw manual__2024-11-20T03:17:14.554825+00:00 [queued]>
[2024-11-20T03:17:23.955+0000] {taskinstance.py:1979} INFO - Dependencies all met for dep_context=requeueable deps ti=<TaskInstance: customer_metrics.load_customer_transactions_raw manual__2024-11-20T03:17:14.554825+00:00 [queued]>
[2024-11-20T03:17:23.956+0000] {taskinstance.py:2193} INFO - Starting attempt 1 of 1
[2024-11-20T03:17:23.971+0000] {taskinstance.py:2214} INFO - Executing <Task(AirbyteTriggerSyncOperator): load_customer_transactions_raw> on 2024-11-20 03:17:14.554825+00:00
[2024-11-20T03:17:23.982+0000] {standard_task_runner.py:60} INFO - Started process 9638 to run task
[2024-11-20T03:17:23.985+0000] {standard_task_runner.py:87} INFO - Running: ['airflow', 'tasks', 'run', 'customer_metrics', 'load_customer_transactions_raw', 'manual__2024-11-20T03:17:14.554825+00:00', '--job-id', '103', '--raw', '--subdir', 'DAGS_FOLDER/customer_metrics.py', '--cfg-path', '/tmp/tmpsv6hy8c7']
[2024-11-20T03:17:23.986+0000] {standard_task_runner.py:88} INFO - Job 103: Subtask load_customer_transactions_raw
[2024-11-20T03:17:24.029+0000] {task_command.py:423} INFO - Running <TaskInstance: customer_metrics.load_customer_transactions_raw manual__2024-11-20T03:17:14.554825+00:00 [running]> on host 4cf1ca1acf00
[2024-11-20T03:17:24.103+0000] {taskinstance.py:2510} INFO - Exporting env vars: AIRFLOW_CTX_DAG_OWNER='airflow' AIRFLOW_CTX_DAG_ID='customer_metrics' AIRFLOW_CTX_TASK_ID='load_customer_transactions_raw' AIRFLOW_CTX_EXECUTION_DATE='2024-11-20T03:17:14.554825+00:00' AIRFLOW_CTX_TRY_NUMBER='1' AIRFLOW_CTX_DAG_RUN_ID='manual__2024-11-20T03:17:14.554825+00:00'
[2024-11-20T03:17:24.112+0000] {base.py:83} INFO - Using connection ID 'airbyte' for task execution.
[2024-11-20T03:17:24.580+0000] {airbyte.py:86} INFO - Job 39 was submitted to Airbyte Server
[2024-11-20T03:17:24.581+0000] {airbyte.py:88} INFO - Waiting for job 39 to complete
[2024-11-20T03:17:27.606+0000] {base.py:83} INFO - Using connection ID 'airbyte' for task execution.
[2024-11-20T03:17:30.652+0000] {base.py:83} INFO - Using connection ID 'airbyte' for task execution.
[2024-11-20T03:17:33.679+0000] {base.py:83} INFO - Using connection ID 'airbyte' for task execution.
[2024-11-20T03:17:36.695+0000] {base.py:83} INFO - Using connection ID 'airbyte' for task execution.
[2024-11-20T03:17:36.705+0000] {airbyte.py:112} INFO - Job 39 completed successfully
[2024-11-20T03:17:36.731+0000] {taskinstance.py:1149} INFO - Marking task as SUCCESS. dag_id=customer_metrics, task_id=load_customer_transactions_raw, execution_date=20241120T031714, start_date=20241120T031723, end_date=20241120T031736
[2024-11-20T03:17:36.776+0000] {local_task_job_runner.py:234} INFO - Task exited with return code 0
[2024-11-20T03:17:36.807+0000] {taskinstance.py:3309} INFO - 0 downstream tasks scheduled from follow-on schedule check
