[2024-11-20T01:20:43.608+0000] {taskinstance.py:1979} INFO - Dependencies all met for dep_context=non-requeueable deps ti=<TaskInstance: customer_metrics.load_customer_transactions_raw scheduled__2024-11-19T00:00:00+00:00 [queued]>
[2024-11-20T01:20:43.618+0000] {taskinstance.py:1979} INFO - Dependencies all met for dep_context=requeueable deps ti=<TaskInstance: customer_metrics.load_customer_transactions_raw scheduled__2024-11-19T00:00:00+00:00 [queued]>
[2024-11-20T01:20:43.618+0000] {taskinstance.py:2193} INFO - Starting attempt 1 of 1
[2024-11-20T01:20:43.635+0000] {taskinstance.py:2214} INFO - Executing <Task(AirbyteTriggerSyncOperator): load_customer_transactions_raw> on 2024-11-19 00:00:00+00:00
[2024-11-20T01:20:43.640+0000] {standard_task_runner.py:60} INFO - Started process 298 to run task
[2024-11-20T01:20:43.643+0000] {standard_task_runner.py:87} INFO - Running: ['airflow', 'tasks', 'run', 'customer_metrics', 'load_customer_transactions_raw', 'scheduled__2024-11-19T00:00:00+00:00', '--job-id', '85', '--raw', '--subdir', 'DAGS_FOLDER/customer_metrics.py', '--cfg-path', '/tmp/tmp8sqri8qw']
[2024-11-20T01:20:43.645+0000] {standard_task_runner.py:88} INFO - Job 85: Subtask load_customer_transactions_raw
[2024-11-20T01:20:43.693+0000] {task_command.py:423} INFO - Running <TaskInstance: customer_metrics.load_customer_transactions_raw scheduled__2024-11-19T00:00:00+00:00 [running]> on host 4cf1ca1acf00
[2024-11-20T01:20:43.777+0000] {taskinstance.py:2510} INFO - Exporting env vars: AIRFLOW_CTX_DAG_OWNER='airflow' AIRFLOW_CTX_DAG_ID='customer_metrics' AIRFLOW_CTX_TASK_ID='load_customer_transactions_raw' AIRFLOW_CTX_EXECUTION_DATE='2024-11-19T00:00:00+00:00' AIRFLOW_CTX_TRY_NUMBER='1' AIRFLOW_CTX_DAG_RUN_ID='scheduled__2024-11-19T00:00:00+00:00'
[2024-11-20T01:20:43.786+0000] {base.py:83} INFO - Using connection ID 'airbyte' for task execution.
[2024-11-20T01:20:46.361+0000] {airbyte.py:86} INFO - Job 29 was submitted to Airbyte Server
[2024-11-20T01:20:46.362+0000] {airbyte.py:88} INFO - Waiting for job 29 to complete
[2024-11-20T01:20:49.388+0000] {base.py:83} INFO - Using connection ID 'airbyte' for task execution.
[2024-11-20T01:20:52.464+0000] {base.py:83} INFO - Using connection ID 'airbyte' for task execution.
[2024-11-20T01:20:55.509+0000] {base.py:83} INFO - Using connection ID 'airbyte' for task execution.
[2024-11-20T01:20:58.550+0000] {base.py:83} INFO - Using connection ID 'airbyte' for task execution.
[2024-11-20T01:21:01.594+0000] {base.py:83} INFO - Using connection ID 'airbyte' for task execution.
[2024-11-20T01:21:01.607+0000] {airbyte.py:112} INFO - Job 29 completed successfully
[2024-11-20T01:21:01.629+0000] {taskinstance.py:1149} INFO - Marking task as SUCCESS. dag_id=customer_metrics, task_id=load_customer_transactions_raw, execution_date=20241119T000000, start_date=20241120T012043, end_date=20241120T012101
[2024-11-20T01:21:01.663+0000] {local_task_job_runner.py:234} INFO - Task exited with return code 0
[2024-11-20T01:21:01.686+0000] {taskinstance.py:3309} INFO - 1 downstream tasks scheduled from follow-on schedule check
