[2024-11-19T09:56:00.138+0000] {taskinstance.py:1979} INFO - Dependencies all met for dep_context=non-requeueable deps ti=<TaskInstance: customer_metrics.write_to_staging manual__2024-11-19T09:55:31.238532+00:00 [queued]>
[2024-11-19T09:56:00.145+0000] {taskinstance.py:1979} INFO - Dependencies all met for dep_context=requeueable deps ti=<TaskInstance: customer_metrics.write_to_staging manual__2024-11-19T09:55:31.238532+00:00 [queued]>
[2024-11-19T09:56:00.146+0000] {taskinstance.py:2193} INFO - Starting attempt 1 of 1
[2024-11-19T09:56:00.158+0000] {taskinstance.py:2214} INFO - Executing <Task(AirbyteTriggerSyncOperator): write_to_staging> on 2024-11-19 09:55:31.238532+00:00
[2024-11-19T09:56:00.170+0000] {standard_task_runner.py:60} INFO - Started process 6069 to run task
[2024-11-19T09:56:00.172+0000] {standard_task_runner.py:87} INFO - Running: ['airflow', 'tasks', 'run', 'customer_metrics', 'write_to_staging', 'manual__2024-11-19T09:55:31.238532+00:00', '--job-id', '78', '--raw', '--subdir', 'DAGS_FOLDER/customer_metrics.py', '--cfg-path', '/tmp/tmprjbysi4p']
[2024-11-19T09:56:00.174+0000] {standard_task_runner.py:88} INFO - Job 78: Subtask write_to_staging
[2024-11-19T09:56:00.220+0000] {task_command.py:423} INFO - Running <TaskInstance: customer_metrics.write_to_staging manual__2024-11-19T09:55:31.238532+00:00 [running]> on host 4cf1ca1acf00
[2024-11-19T09:56:00.300+0000] {taskinstance.py:2510} INFO - Exporting env vars: AIRFLOW_CTX_DAG_OWNER='airflow' AIRFLOW_CTX_DAG_ID='customer_metrics' AIRFLOW_CTX_TASK_ID='write_to_staging' AIRFLOW_CTX_EXECUTION_DATE='2024-11-19T09:55:31.238532+00:00' AIRFLOW_CTX_TRY_NUMBER='1' AIRFLOW_CTX_DAG_RUN_ID='manual__2024-11-19T09:55:31.238532+00:00'
[2024-11-19T09:56:00.310+0000] {base.py:83} INFO - Using connection ID 'airbyte' for task execution.
[2024-11-19T09:56:00.609+0000] {airbyte.py:86} INFO - Job 27 was submitted to Airbyte Server
[2024-11-19T09:56:00.610+0000] {airbyte.py:88} INFO - Waiting for job 27 to complete
[2024-11-19T09:56:03.619+0000] {base.py:83} INFO - Using connection ID 'airbyte' for task execution.
[2024-11-19T09:56:06.635+0000] {base.py:83} INFO - Using connection ID 'airbyte' for task execution.
[2024-11-19T09:56:09.652+0000] {base.py:83} INFO - Using connection ID 'airbyte' for task execution.
[2024-11-19T09:56:12.667+0000] {base.py:83} INFO - Using connection ID 'airbyte' for task execution.
[2024-11-19T09:56:15.686+0000] {base.py:83} INFO - Using connection ID 'airbyte' for task execution.
[2024-11-19T09:56:18.713+0000] {base.py:83} INFO - Using connection ID 'airbyte' for task execution.
[2024-11-19T09:56:21.733+0000] {base.py:83} INFO - Using connection ID 'airbyte' for task execution.
[2024-11-19T09:56:24.756+0000] {base.py:83} INFO - Using connection ID 'airbyte' for task execution.
[2024-11-19T09:56:27.779+0000] {base.py:83} INFO - Using connection ID 'airbyte' for task execution.
[2024-11-19T09:56:30.804+0000] {base.py:83} INFO - Using connection ID 'airbyte' for task execution.
[2024-11-19T09:56:30.814+0000] {airbyte.py:112} INFO - Job 27 completed successfully
[2024-11-19T09:56:30.839+0000] {taskinstance.py:1149} INFO - Marking task as SUCCESS. dag_id=customer_metrics, task_id=write_to_staging, execution_date=20241119T095531, start_date=20241119T095600, end_date=20241119T095630
[2024-11-19T09:56:30.856+0000] {local_task_job_runner.py:234} INFO - Task exited with return code 0
[2024-11-19T09:56:30.881+0000] {taskinstance.py:3309} INFO - 1 downstream tasks scheduled from follow-on schedule check
