[2024-11-20T04:46:49.299+0000] {taskinstance.py:1979} INFO - Dependencies all met for dep_context=non-requeueable deps ti=<TaskInstance: customer_metrics.load_customer_transactions_raw manual__2024-11-20T04:46:39.560816+00:00 [queued]>
[2024-11-20T04:46:49.308+0000] {taskinstance.py:1979} INFO - Dependencies all met for dep_context=requeueable deps ti=<TaskInstance: customer_metrics.load_customer_transactions_raw manual__2024-11-20T04:46:39.560816+00:00 [queued]>
[2024-11-20T04:46:49.309+0000] {taskinstance.py:2193} INFO - Starting attempt 1 of 1
[2024-11-20T04:46:49.326+0000] {taskinstance.py:2214} INFO - Executing <Task(AirbyteTriggerSyncOperator): load_customer_transactions_raw> on 2024-11-20 04:46:39.560816+00:00
[2024-11-20T04:46:49.330+0000] {standard_task_runner.py:60} INFO - Started process 18253 to run task
[2024-11-20T04:46:49.333+0000] {standard_task_runner.py:87} INFO - Running: ['airflow', 'tasks', 'run', 'customer_metrics', 'load_customer_transactions_raw', 'manual__2024-11-20T04:46:39.560816+00:00', '--job-id', '148', '--raw', '--subdir', 'DAGS_FOLDER/customer_metrics.py', '--cfg-path', '/tmp/tmpa2rji91g']
[2024-11-20T04:46:49.335+0000] {standard_task_runner.py:88} INFO - Job 148: Subtask load_customer_transactions_raw
[2024-11-20T04:46:49.376+0000] {task_command.py:423} INFO - Running <TaskInstance: customer_metrics.load_customer_transactions_raw manual__2024-11-20T04:46:39.560816+00:00 [running]> on host 4cf1ca1acf00
[2024-11-20T04:46:49.448+0000] {taskinstance.py:2510} INFO - Exporting env vars: AIRFLOW_CTX_DAG_OWNER='airflow' AIRFLOW_CTX_DAG_ID='customer_metrics' AIRFLOW_CTX_TASK_ID='load_customer_transactions_raw' AIRFLOW_CTX_EXECUTION_DATE='2024-11-20T04:46:39.560816+00:00' AIRFLOW_CTX_TRY_NUMBER='1' AIRFLOW_CTX_DAG_RUN_ID='manual__2024-11-20T04:46:39.560816+00:00'
[2024-11-20T04:46:49.458+0000] {base.py:83} INFO - Using connection ID 'airbyte' for task execution.
[2024-11-20T04:46:49.924+0000] {airbyte.py:86} INFO - Job 55 was submitted to Airbyte Server
[2024-11-20T04:46:49.925+0000] {airbyte.py:88} INFO - Waiting for job 55 to complete
[2024-11-20T04:46:52.953+0000] {base.py:83} INFO - Using connection ID 'airbyte' for task execution.
[2024-11-20T04:46:55.995+0000] {base.py:83} INFO - Using connection ID 'airbyte' for task execution.
[2024-11-20T04:46:59.032+0000] {base.py:83} INFO - Using connection ID 'airbyte' for task execution.
[2024-11-20T04:47:02.072+0000] {base.py:83} INFO - Using connection ID 'airbyte' for task execution.
[2024-11-20T04:47:02.103+0000] {airbyte.py:112} INFO - Job 55 completed successfully
[2024-11-20T04:47:02.146+0000] {taskinstance.py:1149} INFO - Marking task as SUCCESS. dag_id=customer_metrics, task_id=load_customer_transactions_raw, execution_date=20241120T044639, start_date=20241120T044649, end_date=20241120T044702
[2024-11-20T04:47:02.183+0000] {local_task_job_runner.py:234} INFO - Task exited with return code 0
[2024-11-20T04:47:02.262+0000] {taskinstance.py:3309} INFO - 1 downstream tasks scheduled from follow-on schedule check
