[2024-11-20T03:09:03.018+0000] {taskinstance.py:1979} INFO - Dependencies all met for dep_context=non-requeueable deps ti=<TaskInstance: customer_metrics.load_labeled_transactions_raw manual__2024-11-20T03:08:52.532363+00:00 [queued]>
[2024-11-20T03:09:03.026+0000] {taskinstance.py:1979} INFO - Dependencies all met for dep_context=requeueable deps ti=<TaskInstance: customer_metrics.load_labeled_transactions_raw manual__2024-11-20T03:08:52.532363+00:00 [queued]>
[2024-11-20T03:09:03.027+0000] {taskinstance.py:2193} INFO - Starting attempt 1 of 1
[2024-11-20T03:09:03.048+0000] {taskinstance.py:2214} INFO - Executing <Task(AirbyteTriggerSyncOperator): load_labeled_transactions_raw> on 2024-11-20 03:08:52.532363+00:00
[2024-11-20T03:09:03.052+0000] {standard_task_runner.py:60} INFO - Started process 8822 to run task
[2024-11-20T03:09:03.055+0000] {standard_task_runner.py:87} INFO - Running: ['airflow', 'tasks', 'run', 'customer_metrics', 'load_labeled_transactions_raw', 'manual__2024-11-20T03:08:52.532363+00:00', '--job-id', '98', '--raw', '--subdir', 'DAGS_FOLDER/customer_metrics.py', '--cfg-path', '/tmp/tmparxyxy0z']
[2024-11-20T03:09:03.057+0000] {standard_task_runner.py:88} INFO - Job 98: Subtask load_labeled_transactions_raw
[2024-11-20T03:09:03.106+0000] {task_command.py:423} INFO - Running <TaskInstance: customer_metrics.load_labeled_transactions_raw manual__2024-11-20T03:08:52.532363+00:00 [running]> on host 4cf1ca1acf00
[2024-11-20T03:09:03.192+0000] {taskinstance.py:2510} INFO - Exporting env vars: AIRFLOW_CTX_DAG_OWNER='airflow' AIRFLOW_CTX_DAG_ID='customer_metrics' AIRFLOW_CTX_TASK_ID='load_labeled_transactions_raw' AIRFLOW_CTX_EXECUTION_DATE='2024-11-20T03:08:52.532363+00:00' AIRFLOW_CTX_TRY_NUMBER='1' AIRFLOW_CTX_DAG_RUN_ID='manual__2024-11-20T03:08:52.532363+00:00'
[2024-11-20T03:09:03.207+0000] {base.py:83} INFO - Using connection ID 'airbyte' for task execution.
[2024-11-20T03:09:03.561+0000] {airbyte.py:86} INFO - Job 36 was submitted to Airbyte Server
[2024-11-20T03:09:03.561+0000] {airbyte.py:88} INFO - Waiting for job 36 to complete
[2024-11-20T03:09:06.575+0000] {base.py:83} INFO - Using connection ID 'airbyte' for task execution.
[2024-11-20T03:09:09.634+0000] {base.py:83} INFO - Using connection ID 'airbyte' for task execution.
[2024-11-20T03:09:12.681+0000] {base.py:83} INFO - Using connection ID 'airbyte' for task execution.
[2024-11-20T03:09:15.710+0000] {base.py:83} INFO - Using connection ID 'airbyte' for task execution.
[2024-11-20T03:09:15.721+0000] {airbyte.py:112} INFO - Job 36 completed successfully
[2024-11-20T03:09:15.743+0000] {taskinstance.py:1149} INFO - Marking task as SUCCESS. dag_id=customer_metrics, task_id=load_labeled_transactions_raw, execution_date=20241120T030852, start_date=20241120T030903, end_date=20241120T030915
[2024-11-20T03:09:15.792+0000] {local_task_job_runner.py:234} INFO - Task exited with return code 0
[2024-11-20T03:09:15.816+0000] {taskinstance.py:3309} INFO - 1 downstream tasks scheduled from follow-on schedule check
