[2024-11-20T03:08:45.380+0000] {taskinstance.py:1979} INFO - Dependencies all met for dep_context=non-requeueable deps ti=<TaskInstance: customer_metrics.load_customer_transactions_raw manual__2024-11-20T03:08:35.870567+00:00 [queued]>
[2024-11-20T03:08:45.387+0000] {taskinstance.py:1979} INFO - Dependencies all met for dep_context=requeueable deps ti=<TaskInstance: customer_metrics.load_customer_transactions_raw manual__2024-11-20T03:08:35.870567+00:00 [queued]>
[2024-11-20T03:08:45.387+0000] {taskinstance.py:2193} INFO - Starting attempt 1 of 1
[2024-11-20T03:08:45.400+0000] {taskinstance.py:2214} INFO - Executing <Task(AirbyteTriggerSyncOperator): load_customer_transactions_raw> on 2024-11-20 03:08:35.870567+00:00
[2024-11-20T03:08:45.405+0000] {standard_task_runner.py:60} INFO - Started process 8727 to run task
[2024-11-20T03:08:45.408+0000] {standard_task_runner.py:87} INFO - Running: ['airflow', 'tasks', 'run', 'customer_metrics', 'load_customer_transactions_raw', 'manual__2024-11-20T03:08:35.870567+00:00', '--job-id', '95', '--raw', '--subdir', 'DAGS_FOLDER/customer_metrics.py', '--cfg-path', '/tmp/tmpz_vaasbe']
[2024-11-20T03:08:45.409+0000] {standard_task_runner.py:88} INFO - Job 95: Subtask load_customer_transactions_raw
[2024-11-20T03:08:45.461+0000] {task_command.py:423} INFO - Running <TaskInstance: customer_metrics.load_customer_transactions_raw manual__2024-11-20T03:08:35.870567+00:00 [running]> on host 4cf1ca1acf00
[2024-11-20T03:08:45.534+0000] {taskinstance.py:2510} INFO - Exporting env vars: AIRFLOW_CTX_DAG_OWNER='airflow' AIRFLOW_CTX_DAG_ID='customer_metrics' AIRFLOW_CTX_TASK_ID='load_customer_transactions_raw' AIRFLOW_CTX_EXECUTION_DATE='2024-11-20T03:08:35.870567+00:00' AIRFLOW_CTX_TRY_NUMBER='1' AIRFLOW_CTX_DAG_RUN_ID='manual__2024-11-20T03:08:35.870567+00:00'
[2024-11-20T03:08:45.548+0000] {base.py:83} INFO - Using connection ID 'airbyte' for task execution.
[2024-11-20T03:08:46.145+0000] {airbyte.py:86} INFO - Job 34 was submitted to Airbyte Server
[2024-11-20T03:08:46.145+0000] {airbyte.py:88} INFO - Waiting for job 34 to complete
[2024-11-20T03:08:49.158+0000] {base.py:83} INFO - Using connection ID 'airbyte' for task execution.
[2024-11-20T03:08:52.188+0000] {base.py:83} INFO - Using connection ID 'airbyte' for task execution.
[2024-11-20T03:08:55.216+0000] {base.py:83} INFO - Using connection ID 'airbyte' for task execution.
[2024-11-20T03:08:58.240+0000] {base.py:83} INFO - Using connection ID 'airbyte' for task execution.
[2024-11-20T03:08:58.250+0000] {airbyte.py:112} INFO - Job 34 completed successfully
[2024-11-20T03:08:58.273+0000] {taskinstance.py:1149} INFO - Marking task as SUCCESS. dag_id=customer_metrics, task_id=load_customer_transactions_raw, execution_date=20241120T030835, start_date=20241120T030845, end_date=20241120T030858
[2024-11-20T03:08:58.299+0000] {local_task_job_runner.py:234} INFO - Task exited with return code 0
[2024-11-20T03:08:58.322+0000] {taskinstance.py:3309} INFO - 0 downstream tasks scheduled from follow-on schedule check
