[2024-11-20T01:21:11.675+0000] {taskinstance.py:1979} INFO - Dependencies all met for dep_context=non-requeueable deps ti=<TaskInstance: customer_metrics.write_to_staging scheduled__2024-11-19T00:00:00+00:00 [queued]>
[2024-11-20T01:21:11.682+0000] {taskinstance.py:1979} INFO - Dependencies all met for dep_context=requeueable deps ti=<TaskInstance: customer_metrics.write_to_staging scheduled__2024-11-19T00:00:00+00:00 [queued]>
[2024-11-20T01:21:11.683+0000] {taskinstance.py:2193} INFO - Starting attempt 1 of 1
[2024-11-20T01:21:11.695+0000] {taskinstance.py:2214} INFO - Executing <Task(AirbyteTriggerSyncOperator): write_to_staging> on 2024-11-19 00:00:00+00:00
[2024-11-20T01:21:11.707+0000] {standard_task_runner.py:60} INFO - Started process 343 to run task
[2024-11-20T01:21:11.710+0000] {standard_task_runner.py:87} INFO - Running: ['airflow', 'tasks', 'run', 'customer_metrics', 'write_to_staging', 'scheduled__2024-11-19T00:00:00+00:00', '--job-id', '87', '--raw', '--subdir', 'DAGS_FOLDER/customer_metrics.py', '--cfg-path', '/tmp/tmp_igxw9d0']
[2024-11-20T01:21:11.711+0000] {standard_task_runner.py:88} INFO - Job 87: Subtask write_to_staging
[2024-11-20T01:21:11.755+0000] {task_command.py:423} INFO - Running <TaskInstance: customer_metrics.write_to_staging scheduled__2024-11-19T00:00:00+00:00 [running]> on host 4cf1ca1acf00
[2024-11-20T01:21:11.825+0000] {taskinstance.py:2510} INFO - Exporting env vars: AIRFLOW_CTX_DAG_OWNER='airflow' AIRFLOW_CTX_DAG_ID='customer_metrics' AIRFLOW_CTX_TASK_ID='write_to_staging' AIRFLOW_CTX_EXECUTION_DATE='2024-11-19T00:00:00+00:00' AIRFLOW_CTX_TRY_NUMBER='1' AIRFLOW_CTX_DAG_RUN_ID='scheduled__2024-11-19T00:00:00+00:00'
[2024-11-20T01:21:11.833+0000] {base.py:83} INFO - Using connection ID 'airbyte' for task execution.
[2024-11-20T01:21:12.202+0000] {airbyte.py:86} INFO - Job 30 was submitted to Airbyte Server
[2024-11-20T01:21:12.203+0000] {airbyte.py:88} INFO - Waiting for job 30 to complete
[2024-11-20T01:21:15.217+0000] {base.py:83} INFO - Using connection ID 'airbyte' for task execution.
[2024-11-20T01:21:18.244+0000] {base.py:83} INFO - Using connection ID 'airbyte' for task execution.
[2024-11-20T01:21:21.285+0000] {base.py:83} INFO - Using connection ID 'airbyte' for task execution.
[2024-11-20T01:21:24.304+0000] {base.py:83} INFO - Using connection ID 'airbyte' for task execution.
[2024-11-20T01:21:27.324+0000] {base.py:83} INFO - Using connection ID 'airbyte' for task execution.
[2024-11-20T01:21:30.342+0000] {base.py:83} INFO - Using connection ID 'airbyte' for task execution.
[2024-11-20T01:21:33.359+0000] {base.py:83} INFO - Using connection ID 'airbyte' for task execution.
[2024-11-20T01:21:36.374+0000] {base.py:83} INFO - Using connection ID 'airbyte' for task execution.
[2024-11-20T01:21:39.392+0000] {base.py:83} INFO - Using connection ID 'airbyte' for task execution.
[2024-11-20T01:21:42.423+0000] {base.py:83} INFO - Using connection ID 'airbyte' for task execution.
[2024-11-20T01:21:45.447+0000] {base.py:83} INFO - Using connection ID 'airbyte' for task execution.
[2024-11-20T01:21:48.468+0000] {base.py:83} INFO - Using connection ID 'airbyte' for task execution.
[2024-11-20T01:21:48.480+0000] {airbyte.py:112} INFO - Job 30 completed successfully
[2024-11-20T01:21:48.503+0000] {taskinstance.py:1149} INFO - Marking task as SUCCESS. dag_id=customer_metrics, task_id=write_to_staging, execution_date=20241119T000000, start_date=20241120T012111, end_date=20241120T012148
[2024-11-20T01:21:48.540+0000] {local_task_job_runner.py:234} INFO - Task exited with return code 0
[2024-11-20T01:21:48.566+0000] {taskinstance.py:3309} INFO - 1 downstream tasks scheduled from follow-on schedule check
